TN:
SF:c:\Users\cdsno\Desktop\Code\scrambling-text\gulpfile.js
FN:42,(anonymous_0)
FN:54,(anonymous_1)
FN:76,(anonymous_2)
FN:91,(anonymous_3)
FN:107,(anonymous_4)
FN:123,(anonymous_5)
FN:144,(anonymous_6)
FN:148,(anonymous_7)
FN:157,(anonymous_8)
FNF:9
FNH:0
FNDA:0,(anonymous_0)
FNDA:0,(anonymous_1)
FNDA:0,(anonymous_2)
FNDA:0,(anonymous_3)
FNDA:0,(anonymous_4)
FNDA:0,(anonymous_5)
FNDA:0,(anonymous_6)
FNDA:0,(anonymous_7)
FNDA:0,(anonymous_8)
DA:2,0
DA:3,0
DA:6,0
DA:7,0
DA:8,0
DA:9,0
DA:10,0
DA:11,0
DA:12,0
DA:13,0
DA:14,0
DA:15,0
DA:18,0
DA:31,0
DA:42,0
DA:43,0
DA:44,0
DA:50,0
DA:54,0
DA:55,0
DA:76,0
DA:77,0
DA:91,0
DA:92,0
DA:107,0
DA:108,0
DA:123,0
DA:124,0
DA:144,0
DA:145,0
DA:148,0
DA:149,0
DA:157,0
DA:158,0
LF:34
LH:0
BRF:0
BRH:0
end_of_record
TN:
SF:c:\Users\cdsno\Desktop\Code\scrambling-text\dist\example.min.js
FN:1,(anonymous_0)
FN:1,(anonymous_1)
FN:1,(anonymous_2)
FNF:3
FNH:0
FNDA:0,(anonymous_0)
FNDA:0,(anonymous_1)
FNDA:0,(anonymous_2)
DA:1,0
LF:1
LH:0
BRF:0
BRH:0
end_of_record
TN:
SF:c:\Users\cdsno\Desktop\Code\scrambling-text\dist\scramble-ES5.min.js
FN:1,_instanceof
FN:1,_toConsumableArray
FN:1,_nonIterableSpread
FN:1,_iterableToArray
FN:1,_arrayWithoutHoles
FN:1,_typeof
FN:1,(anonymous_6)
FN:1,(anonymous_7)
FN:1,(anonymous_8)
FN:1,(anonymous_9)
FN:1,(anonymous_10)
FN:1,(anonymous_11)
FN:1,(anonymous_12)
FN:1,(anonymous_13)
FN:1,(anonymous_14)
FN:1,(anonymous_15)
FN:1,(anonymous_16)
FN:1,(anonymous_17)
FN:1,(anonymous_18)
FNF:19
FNH:0
FNDA:0,_instanceof
FNDA:0,_toConsumableArray
FNDA:0,_nonIterableSpread
FNDA:0,_iterableToArray
FNDA:0,_arrayWithoutHoles
FNDA:0,_typeof
FNDA:0,(anonymous_6)
FNDA:0,(anonymous_7)
FNDA:0,(anonymous_8)
FNDA:0,(anonymous_9)
FNDA:0,(anonymous_10)
FNDA:0,(anonymous_11)
FNDA:0,(anonymous_12)
FNDA:0,(anonymous_13)
FNDA:0,(anonymous_14)
FNDA:0,(anonymous_15)
FNDA:0,(anonymous_16)
FNDA:0,(anonymous_17)
FNDA:0,(anonymous_18)
DA:1,0
LF:1
LH:0
BRDA:1,0,0,0
BRDA:1,0,1,0
BRDA:1,1,0,0
BRDA:1,1,1,0
BRDA:1,1,2,0
BRDA:1,2,0,0
BRDA:1,2,1,0
BRDA:1,2,2,0
BRDA:1,3,0,0
BRDA:1,3,1,0
BRDA:1,4,0,0
BRDA:1,4,1,0
BRDA:1,5,0,0
BRDA:1,5,1,0
BRDA:1,6,0,0
BRDA:1,6,1,0
BRDA:1,7,0,0
BRDA:1,7,1,0
BRDA:1,8,0,0
BRDA:1,8,1,0
BRDA:1,9,0,0
BRDA:1,9,1,0
BRDA:1,9,2,0
BRDA:1,9,3,0
BRDA:1,10,0,0
BRDA:1,10,1,0
BRDA:1,11,0,0
BRDA:1,11,1,0
BRDA:1,12,0,0
BRDA:1,12,1,0
BRDA:1,12,2,0
BRDA:1,13,0,0
BRDA:1,13,1,0
BRDA:1,14,0,0
BRDA:1,14,1,0
BRDA:1,15,0,0
BRDA:1,15,1,0
BRDA:1,16,0,0
BRDA:1,16,1,0
BRDA:1,17,0,0
BRDA:1,17,1,0
BRDA:1,18,0,0
BRDA:1,18,1,0
BRDA:1,19,0,0
BRDA:1,19,1,0
BRDA:1,20,0,0
BRDA:1,20,1,0
BRDA:1,21,0,0
BRDA:1,21,1,0
BRDA:1,22,0,0
BRDA:1,22,1,0
BRDA:1,23,0,0
BRDA:1,23,1,0
BRDA:1,24,0,0
BRDA:1,24,1,0
BRDA:1,25,0,0
BRDA:1,25,1,0
BRDA:1,26,0,0
BRDA:1,26,1,0
BRDA:1,27,0,0
BRDA:1,27,1,0
BRDA:1,28,0,0
BRDA:1,28,1,0
BRDA:1,29,0,0
BRDA:1,29,1,0
BRDA:1,29,2,0
BRDA:1,29,3,0
BRDA:1,30,0,0
BRDA:1,30,1,0
BRDA:1,30,2,0
BRDA:1,31,0,0
BRDA:1,31,1,0
BRDA:1,32,0,0
BRDA:1,32,1,0
BRDA:1,33,0,0
BRDA:1,33,1,0
BRDA:1,34,0,0
BRDA:1,34,1,0
BRDA:1,35,0,0
BRDA:1,35,1,0
BRDA:1,36,0,0
BRDA:1,36,1,0
BRDA:1,37,0,0
BRDA:1,37,1,0
BRF:84
BRH:0
end_of_record
TN:
SF:c:\Users\cdsno\Desktop\Code\scrambling-text\dist\scramble-babel-polyfill.min.js
FN:1,(anonymous_0)
FN:1,(anonymous_1)
FN:1,t
FN:1,i
FN:1,(anonymous_4)
FN:1,(anonymous_5)
FN:1,(anonymous_6)
FN:1,e
FN:1,(anonymous_8)
FN:1,(anonymous_9)
FN:1,(anonymous_10)
FN:1,(anonymous_11)
FN:1,(anonymous_12)
FN:1,(anonymous_13)
FN:1,(anonymous_14)
FN:1,(anonymous_15)
FN:1,(anonymous_16)
FN:1,(anonymous_17)
FN:1,(anonymous_18)
FN:1,(anonymous_19)
FN:1,(anonymous_20)
FN:1,(anonymous_21)
FN:1,(anonymous_22)
FN:1,(anonymous_23)
FN:1,(anonymous_24)
FN:1,(anonymous_25)
FN:1,(anonymous_26)
FN:1,(anonymous_27)
FN:1,(anonymous_28)
FN:1,(anonymous_29)
FN:1,(anonymous_30)
FN:1,(anonymous_31)
FN:1,(anonymous_32)
FN:1,(anonymous_33)
FN:1,(anonymous_34)
FN:1,(anonymous_35)
FN:1,(anonymous_36)
FN:1,(anonymous_37)
FN:1,(anonymous_38)
FN:1,(anonymous_39)
FN:1,e
FN:1,(anonymous_41)
FN:1,(anonymous_42)
FN:1,(anonymous_43)
FN:1,(anonymous_44)
FN:1,(anonymous_45)
FN:1,(anonymous_46)
FN:1,(anonymous_47)
FN:1,(anonymous_48)
FN:1,(anonymous_49)
FN:1,(anonymous_50)
FN:1,(anonymous_51)
FN:1,(anonymous_52)
FN:1,(anonymous_53)
FN:1,(anonymous_54)
FN:1,(anonymous_55)
FN:1,(anonymous_56)
FN:1,(anonymous_57)
FN:1,(anonymous_58)
FN:1,(anonymous_59)
FN:1,(anonymous_60)
FN:1,(anonymous_61)
FN:1,(anonymous_62)
FN:1,(anonymous_63)
FN:1,(anonymous_64)
FN:1,(anonymous_65)
FN:1,(anonymous_66)
FN:1,(anonymous_67)
FN:1,(anonymous_68)
FN:1,(anonymous_69)
FN:1,(anonymous_70)
FN:1,(anonymous_71)
FN:1,(anonymous_72)
FN:1,(anonymous_73)
FN:1,(anonymous_74)
FN:1,(anonymous_75)
FN:1,(anonymous_76)
FN:1,(anonymous_77)
FN:1,(anonymous_78)
FN:1,(anonymous_79)
FN:1,(anonymous_80)
FN:1,(anonymous_81)
FN:1,(anonymous_82)
FN:1,(anonymous_83)
FN:1,(anonymous_84)
FN:1,(anonymous_85)
FN:1,(anonymous_86)
FN:1,(anonymous_87)
FN:1,(anonymous_88)
FN:1,(anonymous_89)
FN:1,(anonymous_90)
FN:1,(anonymous_91)
FN:1,(anonymous_92)
FN:1,(anonymous_93)
FN:1,(anonymous_94)
FN:1,(anonymous_95)
FN:1,(anonymous_96)
FN:1,(anonymous_97)
FN:1,(anonymous_98)
FN:1,(anonymous_99)
FN:1,(anonymous_100)
FN:1,(anonymous_101)
FN:1,(anonymous_102)
FN:1,(anonymous_103)
FN:1,(anonymous_104)
FN:1,(anonymous_105)
FN:1,(anonymous_106)
FN:1,(anonymous_107)
FN:1,(anonymous_108)
FN:1,(anonymous_109)
FN:1,(anonymous_110)
FN:1,(anonymous_111)
FN:1,(anonymous_112)
FN:1,(anonymous_113)
FN:1,(anonymous_114)
FN:1,(anonymous_115)
FN:1,(anonymous_116)
FN:1,(anonymous_117)
FN:1,(anonymous_118)
FN:1,t
FN:1,(anonymous_120)
FN:1,(anonymous_121)
FN:1,(anonymous_122)
FN:1,(anonymous_123)
FN:1,(anonymous_124)
FN:1,(anonymous_125)
FN:1,(anonymous_126)
FN:1,(anonymous_127)
FN:1,(anonymous_128)
FN:1,(anonymous_129)
FN:1,(anonymous_130)
FN:1,(anonymous_131)
FN:1,(anonymous_132)
FN:1,t
FN:1,(anonymous_134)
FN:1,(anonymous_135)
FN:1,(anonymous_136)
FN:1,(anonymous_137)
FN:1,(anonymous_138)
FN:1,(anonymous_139)
FN:1,(anonymous_140)
FN:1,(anonymous_141)
FN:1,(anonymous_142)
FN:1,(anonymous_143)
FN:1,(anonymous_144)
FN:1,(anonymous_145)
FN:1,(anonymous_146)
FN:1,(anonymous_147)
FN:1,(anonymous_148)
FN:1,(anonymous_149)
FN:1,(anonymous_150)
FN:1,(anonymous_151)
FN:1,(anonymous_152)
FN:1,(anonymous_153)
FN:1,(anonymous_154)
FN:1,(anonymous_155)
FN:1,(anonymous_156)
FN:1,(anonymous_157)
FN:1,(anonymous_158)
FN:1,(anonymous_159)
FN:1,(anonymous_160)
FN:1,(anonymous_161)
FN:1,(anonymous_162)
FN:1,(anonymous_163)
FN:1,(anonymous_164)
FN:1,(anonymous_165)
FN:1,(anonymous_166)
FN:1,(anonymous_167)
FN:1,(anonymous_168)
FN:1,(anonymous_169)
FN:1,(anonymous_170)
FN:1,(anonymous_171)
FN:1,(anonymous_172)
FN:1,(anonymous_173)
FN:1,(anonymous_174)
FN:1,(anonymous_175)
FN:1,(anonymous_176)
FN:1,(anonymous_177)
FN:1,(anonymous_178)
FN:1,(anonymous_179)
FN:1,(anonymous_180)
FN:1,(anonymous_181)
FN:1,(anonymous_182)
FN:1,(anonymous_183)
FN:1,(anonymous_184)
FN:1,(anonymous_185)
FN:1,(anonymous_186)
FN:1,(anonymous_187)
FN:1,(anonymous_188)
FN:1,(anonymous_189)
FN:1,(anonymous_190)
FN:1,(anonymous_191)
FN:1,(anonymous_192)
FN:1,(anonymous_193)
FN:1,(anonymous_194)
FN:1,(anonymous_195)
FN:1,(anonymous_196)
FN:1,(anonymous_197)
FN:1,(anonymous_198)
FN:1,(anonymous_199)
FN:1,(anonymous_200)
FN:1,(anonymous_201)
FN:1,(anonymous_202)
FN:1,(anonymous_203)
FN:1,(anonymous_204)
FN:1,(anonymous_205)
FN:1,(anonymous_206)
FN:1,(anonymous_207)
FN:1,(anonymous_208)
FN:1,(anonymous_209)
FN:1,(anonymous_210)
FN:1,(anonymous_211)
FN:1,(anonymous_212)
FN:1,(anonymous_213)
FN:1,(anonymous_214)
FN:1,(anonymous_215)
FN:1,(anonymous_216)
FN:1,(anonymous_217)
FN:1,(anonymous_218)
FN:1,(anonymous_219)
FN:1,(anonymous_220)
FN:1,(anonymous_221)
FN:1,(anonymous_222)
FN:1,(anonymous_223)
FN:1,(anonymous_224)
FN:1,(anonymous_225)
FN:1,(anonymous_226)
FN:1,(anonymous_227)
FN:1,(anonymous_228)
FN:1,(anonymous_229)
FN:1,(anonymous_230)
FN:1,(anonymous_231)
FN:1,(anonymous_232)
FN:1,(anonymous_233)
FN:1,(anonymous_234)
FN:1,(anonymous_235)
FN:1,(anonymous_236)
FN:1,(anonymous_237)
FN:1,(anonymous_238)
FN:1,(anonymous_239)
FN:1,(anonymous_240)
FN:1,(anonymous_241)
FN:1,(anonymous_242)
FN:1,(anonymous_243)
FN:1,(anonymous_244)
FN:1,(anonymous_245)
FN:1,(anonymous_246)
FN:1,(anonymous_247)
FN:1,(anonymous_248)
FN:1,(anonymous_249)
FN:1,(anonymous_250)
FN:1,(anonymous_251)
FN:1,(anonymous_252)
FN:1,(anonymous_253)
FN:1,(anonymous_254)
FN:1,(anonymous_255)
FN:1,(anonymous_256)
FN:1,(anonymous_257)
FN:1,(anonymous_258)
FN:1,(anonymous_259)
FN:1,(anonymous_260)
FN:1,(anonymous_261)
FN:1,(anonymous_262)
FN:1,(anonymous_263)
FN:1,(anonymous_264)
FN:1,(anonymous_265)
FN:1,(anonymous_266)
FN:1,(anonymous_267)
FN:1,(anonymous_268)
FN:1,(anonymous_269)
FN:1,(anonymous_270)
FN:1,(anonymous_271)
FN:1,(anonymous_272)
FN:1,(anonymous_273)
FN:1,(anonymous_274)
FN:1,(anonymous_275)
FN:1,(anonymous_276)
FN:1,(anonymous_277)
FN:1,(anonymous_278)
FN:1,(anonymous_279)
FN:1,(anonymous_280)
FN:1,(anonymous_281)
FN:1,(anonymous_282)
FN:1,(anonymous_283)
FN:1,(anonymous_284)
FN:1,(anonymous_285)
FN:1,(anonymous_286)
FN:1,(anonymous_287)
FN:1,(anonymous_288)
FN:1,(anonymous_289)
FN:1,(anonymous_290)
FN:1,(anonymous_291)
FN:1,(anonymous_292)
FN:1,(anonymous_293)
FN:1,(anonymous_294)
FN:1,(anonymous_295)
FN:1,(anonymous_296)
FN:1,(anonymous_297)
FN:1,(anonymous_298)
FN:1,(anonymous_299)
FN:1,(anonymous_300)
FN:1,(anonymous_301)
FN:1,(anonymous_302)
FN:1,(anonymous_303)
FN:1,(anonymous_304)
FN:1,(anonymous_305)
FN:1,(anonymous_306)
FN:1,(anonymous_307)
FN:1,(anonymous_308)
FN:1,(anonymous_309)
FN:1,(anonymous_310)
FN:1,(anonymous_311)
FN:1,(anonymous_312)
FN:1,(anonymous_313)
FN:1,(anonymous_314)
FN:1,(anonymous_315)
FN:1,(anonymous_316)
FN:1,(anonymous_317)
FN:1,(anonymous_318)
FN:1,(anonymous_319)
FN:1,(anonymous_320)
FN:1,(anonymous_321)
FN:1,(anonymous_322)
FN:1,(anonymous_323)
FN:1,(anonymous_324)
FN:1,(anonymous_325)
FN:1,(anonymous_326)
FN:1,(anonymous_327)
FN:1,(anonymous_328)
FN:1,(anonymous_329)
FN:1,(anonymous_330)
FN:1,(anonymous_331)
FN:1,(anonymous_332)
FN:1,(anonymous_333)
FN:1,(anonymous_334)
FN:1,(anonymous_335)
FN:1,(anonymous_336)
FN:1,(anonymous_337)
FN:1,(anonymous_338)
FN:1,(anonymous_339)
FN:1,(anonymous_340)
FN:1,(anonymous_341)
FN:1,(anonymous_342)
FN:1,(anonymous_343)
FN:1,(anonymous_344)
FN:1,(anonymous_345)
FN:1,(anonymous_346)
FN:1,(anonymous_347)
FN:1,(anonymous_348)
FN:1,(anonymous_349)
FN:1,(anonymous_350)
FN:1,(anonymous_351)
FN:1,(anonymous_352)
FN:1,(anonymous_353)
FN:1,(anonymous_354)
FN:1,(anonymous_355)
FN:1,(anonymous_356)
FN:1,(anonymous_357)
FN:1,(anonymous_358)
FN:1,(anonymous_359)
FN:1,(anonymous_360)
FN:1,(anonymous_361)
FN:1,(anonymous_362)
FN:1,(anonymous_363)
FN:1,(anonymous_364)
FN:1,(anonymous_365)
FN:1,(anonymous_366)
FN:1,(anonymous_367)
FN:1,(anonymous_368)
FN:1,(anonymous_369)
FN:1,(anonymous_370)
FN:1,(anonymous_371)
FN:1,(anonymous_372)
FN:1,(anonymous_373)
FN:1,(anonymous_374)
FN:1,(anonymous_375)
FN:1,(anonymous_376)
FN:1,(anonymous_377)
FN:1,(anonymous_378)
FN:1,(anonymous_379)
FN:1,(anonymous_380)
FN:1,(anonymous_381)
FN:1,(anonymous_382)
FN:1,(anonymous_383)
FN:1,(anonymous_384)
FN:1,(anonymous_385)
FN:1,(anonymous_386)
FN:1,(anonymous_387)
FN:1,(anonymous_388)
FN:1,(anonymous_389)
FN:1,(anonymous_390)
FN:1,(anonymous_391)
FN:1,(anonymous_392)
FN:1,(anonymous_393)
FN:1,(anonymous_394)
FN:1,(anonymous_395)
FN:1,(anonymous_396)
FN:1,(anonymous_397)
FN:1,(anonymous_398)
FN:1,(anonymous_399)
FN:1,(anonymous_400)
FN:1,(anonymous_401)
FN:1,(anonymous_402)
FN:1,(anonymous_403)
FN:1,(anonymous_404)
FN:1,(anonymous_405)
FN:1,(anonymous_406)
FN:1,(anonymous_407)
FN:1,(anonymous_408)
FN:1,(anonymous_409)
FN:1,(anonymous_410)
FN:1,(anonymous_411)
FN:1,(anonymous_412)
FN:1,(anonymous_413)
FN:1,(anonymous_414)
FN:1,(anonymous_415)
FN:1,(anonymous_416)
FN:1,(anonymous_417)
FN:1,(anonymous_418)
FN:1,(anonymous_419)
FN:1,(anonymous_420)
FN:1,(anonymous_421)
FN:1,(anonymous_422)
FN:1,L
FN:1,R
FN:1,k
FN:1,D
FN:1,W
FN:1,C
FN:1,G
FN:1,U
FN:1,B
FN:1,(anonymous_432)
FN:1,V
FN:1,z
FN:1,(anonymous_435)
FN:1,(anonymous_436)
FN:1,(anonymous_437)
FN:1,(anonymous_438)
FN:1,(anonymous_439)
FN:1,(anonymous_440)
FN:1,(anonymous_441)
FN:1,(anonymous_442)
FN:1,(anonymous_443)
FN:1,(anonymous_444)
FN:1,(anonymous_445)
FN:1,(anonymous_446)
FN:1,(anonymous_447)
FN:1,(anonymous_448)
FN:1,(anonymous_449)
FN:1,(anonymous_450)
FN:1,(anonymous_451)
FN:1,(anonymous_452)
FN:1,(anonymous_453)
FN:1,(anonymous_454)
FN:1,(anonymous_455)
FN:1,(anonymous_456)
FN:1,(anonymous_457)
FN:1,(anonymous_458)
FN:1,(anonymous_459)
FN:1,(anonymous_460)
FN:1,(anonymous_461)
FN:1,(anonymous_462)
FN:1,(anonymous_463)
FN:1,(anonymous_464)
FN:1,(anonymous_465)
FN:1,(anonymous_466)
FN:1,(anonymous_467)
FN:1,(anonymous_468)
FN:1,(anonymous_469)
FN:1,(anonymous_470)
FN:1,(anonymous_471)
FN:1,(anonymous_472)
FN:1,(anonymous_473)
FN:1,(anonymous_474)
FN:1,(anonymous_475)
FN:1,(anonymous_476)
FN:1,(anonymous_477)
FN:1,(anonymous_478)
FN:1,(anonymous_479)
FN:1,(anonymous_480)
FN:1,(anonymous_481)
FN:1,(anonymous_482)
FN:1,(anonymous_483)
FN:1,(anonymous_484)
FN:1,(anonymous_485)
FN:1,(anonymous_486)
FN:1,(anonymous_487)
FN:1,(anonymous_488)
FN:1,(anonymous_489)
FN:1,(anonymous_490)
FN:1,(anonymous_491)
FN:1,(anonymous_492)
FN:1,(anonymous_493)
FN:1,(anonymous_494)
FN:1,(anonymous_495)
FN:1,(anonymous_496)
FN:1,(anonymous_497)
FN:1,(anonymous_498)
FN:1,(anonymous_499)
FN:1,(anonymous_500)
FN:1,(anonymous_501)
FN:1,(anonymous_502)
FN:1,t
FN:1,(anonymous_504)
FN:1,(anonymous_505)
FN:1,(anonymous_506)
FN:1,(anonymous_507)
FN:1,(anonymous_508)
FN:1,(anonymous_509)
FN:1,(anonymous_510)
FN:1,(anonymous_511)
FN:1,(anonymous_512)
FN:1,(anonymous_513)
FN:1,(anonymous_514)
FN:1,(anonymous_515)
FN:1,(anonymous_516)
FN:1,(anonymous_517)
FN:1,(anonymous_518)
FN:1,(anonymous_519)
FN:1,(anonymous_520)
FN:1,(anonymous_521)
FN:1,(anonymous_522)
FN:1,(anonymous_523)
FN:1,(anonymous_524)
FN:1,(anonymous_525)
FN:1,(anonymous_526)
FN:1,(anonymous_527)
FN:1,(anonymous_528)
FN:1,(anonymous_529)
FN:1,(anonymous_530)
FN:1,(anonymous_531)
FN:1,(anonymous_532)
FN:1,(anonymous_533)
FN:1,(anonymous_534)
FN:1,(anonymous_535)
FN:1,(anonymous_536)
FN:1,(anonymous_537)
FN:1,(anonymous_538)
FN:1,(anonymous_539)
FN:1,(anonymous_540)
FN:1,(anonymous_541)
FN:1,t
FN:1,(anonymous_543)
FN:1,(anonymous_544)
FN:1,(anonymous_545)
FN:1,(anonymous_546)
FN:1,(anonymous_547)
FN:1,(anonymous_548)
FN:1,(anonymous_549)
FN:1,(anonymous_550)
FN:1,(anonymous_551)
FN:1,(anonymous_552)
FN:1,(anonymous_553)
FN:1,(anonymous_554)
FN:1,(anonymous_555)
FN:1,(anonymous_556)
FN:1,(anonymous_557)
FN:1,(anonymous_558)
FN:1,(anonymous_559)
FN:1,(anonymous_560)
FN:1,(anonymous_561)
FN:1,(anonymous_562)
FN:1,(anonymous_563)
FN:1,(anonymous_564)
FN:1,(anonymous_565)
FN:1,(anonymous_566)
FN:1,(anonymous_567)
FN:1,(anonymous_568)
FN:1,(anonymous_569)
FN:1,(anonymous_570)
FN:1,(anonymous_571)
FN:1,(anonymous_572)
FN:1,(anonymous_573)
FN:1,(anonymous_574)
FN:1,(anonymous_575)
FN:1,(anonymous_576)
FN:1,(anonymous_577)
FN:1,(anonymous_578)
FN:1,(anonymous_579)
FN:1,(anonymous_580)
FN:1,(anonymous_581)
FN:1,(anonymous_582)
FN:1,(anonymous_583)
FN:1,(anonymous_584)
FN:1,(anonymous_585)
FN:1,(anonymous_586)
FN:1,(anonymous_587)
FN:1,(anonymous_588)
FN:1,(anonymous_589)
FN:1,(anonymous_590)
FN:1,t
FN:1,(anonymous_592)
FN:1,(anonymous_593)
FN:1,(anonymous_594)
FN:1,(anonymous_595)
FN:1,(anonymous_596)
FN:1,(anonymous_597)
FN:1,(anonymous_598)
FN:1,(anonymous_599)
FN:1,(anonymous_600)
FN:1,(anonymous_601)
FN:1,(anonymous_602)
FN:1,(anonymous_603)
FN:1,(anonymous_604)
FN:1,(anonymous_605)
FN:1,(anonymous_606)
FN:1,(anonymous_607)
FN:1,(anonymous_608)
FN:1,(anonymous_609)
FN:1,(anonymous_610)
FN:1,(anonymous_611)
FN:1,(anonymous_612)
FN:1,(anonymous_613)
FN:1,(anonymous_614)
FN:1,(anonymous_615)
FN:1,(anonymous_616)
FN:1,(anonymous_617)
FN:1,(anonymous_618)
FN:1,(anonymous_619)
FN:1,(anonymous_620)
FN:1,(anonymous_621)
FN:1,(anonymous_622)
FN:1,(anonymous_623)
FN:1,(anonymous_624)
FN:1,(anonymous_625)
FN:1,(anonymous_626)
FN:1,(anonymous_627)
FN:1,(anonymous_628)
FN:1,(anonymous_629)
FN:1,(anonymous_630)
FN:1,(anonymous_631)
FN:1,(anonymous_632)
FN:1,(anonymous_633)
FN:1,(anonymous_634)
FN:1,(anonymous_635)
FN:1,(anonymous_636)
FN:1,(anonymous_637)
FN:1,(anonymous_638)
FN:1,(anonymous_639)
FN:1,(anonymous_640)
FN:1,(anonymous_641)
FN:1,(anonymous_642)
FN:1,(anonymous_643)
FN:1,(anonymous_644)
FN:1,(anonymous_645)
FN:1,(anonymous_646)
FN:1,(anonymous_647)
FN:1,(anonymous_648)
FN:1,(anonymous_649)
FN:1,t
FN:1,(anonymous_651)
FN:1,(anonymous_652)
FN:1,(anonymous_653)
FN:1,t
FN:1,(anonymous_655)
FN:1,(anonymous_656)
FN:1,(anonymous_657)
FN:1,(anonymous_658)
FN:1,(anonymous_659)
FN:1,(anonymous_660)
FN:1,(anonymous_661)
FN:1,(anonymous_662)
FN:1,(anonymous_663)
FN:1,(anonymous_664)
FN:1,(anonymous_665)
FN:1,(anonymous_666)
FN:1,(anonymous_667)
FN:1,(anonymous_668)
FN:1,(anonymous_669)
FN:1,(anonymous_670)
FN:1,(anonymous_671)
FN:1,(anonymous_672)
FN:1,(anonymous_673)
FN:1,(anonymous_674)
FN:1,(anonymous_675)
FN:1,(anonymous_676)
FN:1,(anonymous_677)
FN:1,t
FN:1,(anonymous_679)
FN:1,(anonymous_680)
FN:1,(anonymous_681)
FN:1,(anonymous_682)
FN:1,(anonymous_683)
FN:1,(anonymous_684)
FN:1,(anonymous_685)
FN:1,(anonymous_686)
FN:1,(anonymous_687)
FN:1,(anonymous_688)
FN:1,(anonymous_689)
FN:1,(anonymous_690)
FN:1,(anonymous_691)
FN:1,(anonymous_692)
FN:1,(anonymous_693)
FN:1,(anonymous_694)
FN:1,(anonymous_695)
FN:1,(anonymous_696)
FN:1,t
FN:1,(anonymous_698)
FN:1,(anonymous_699)
FN:1,(anonymous_700)
FN:1,(anonymous_701)
FN:1,(anonymous_702)
FN:1,(anonymous_703)
FN:1,(anonymous_704)
FN:1,(anonymous_705)
FN:1,(anonymous_706)
FN:1,(anonymous_707)
FN:1,t
FN:1,(anonymous_709)
FN:1,(anonymous_710)
FN:1,(anonymous_711)
FN:1,(anonymous_712)
FN:1,(anonymous_713)
FN:1,(anonymous_714)
FN:1,(anonymous_715)
FN:1,(anonymous_716)
FN:1,(anonymous_717)
FN:1,(anonymous_718)
FN:1,(anonymous_719)
FN:1,(anonymous_720)
FN:1,(anonymous_721)
FN:1,(anonymous_722)
FN:1,(anonymous_723)
FN:1,(anonymous_724)
FN:1,(anonymous_725)
FN:1,(anonymous_726)
FN:1,(anonymous_727)
FN:1,(anonymous_728)
FN:1,(anonymous_729)
FN:1,(anonymous_730)
FN:1,(anonymous_731)
FN:1,(anonymous_732)
FN:1,(anonymous_733)
FN:1,(anonymous_734)
FN:1,(anonymous_735)
FN:1,(anonymous_736)
FN:1,(anonymous_737)
FN:1,(anonymous_738)
FN:1,(anonymous_739)
FN:1,(anonymous_740)
FN:1,(anonymous_741)
FN:1,(anonymous_742)
FN:1,(anonymous_743)
FN:1,(anonymous_744)
FN:1,(anonymous_745)
FN:1,(anonymous_746)
FN:1,(anonymous_747)
FN:1,(anonymous_748)
FN:1,(anonymous_749)
FN:1,(anonymous_750)
FN:1,(anonymous_751)
FN:1,(anonymous_752)
FN:1,(anonymous_753)
FN:1,(anonymous_754)
FN:1,(anonymous_755)
FN:1,(anonymous_756)
FN:1,(anonymous_757)
FN:1,(anonymous_758)
FN:1,(anonymous_759)
FN:1,(anonymous_760)
FN:1,(anonymous_761)
FN:1,(anonymous_762)
FN:1,(anonymous_763)
FN:1,(anonymous_764)
FN:1,(anonymous_765)
FN:1,(anonymous_766)
FN:1,(anonymous_767)
FN:1,(anonymous_768)
FN:1,(anonymous_769)
FN:1,(anonymous_770)
FN:1,(anonymous_771)
FN:1,(anonymous_772)
FN:1,(anonymous_773)
FN:1,(anonymous_774)
FN:1,(anonymous_775)
FN:1,(anonymous_776)
FN:1,(anonymous_777)
FN:1,(anonymous_778)
FN:1,(anonymous_779)
FN:1,(anonymous_780)
FN:1,(anonymous_781)
FN:1,(anonymous_782)
FN:1,(anonymous_783)
FN:1,(anonymous_784)
FN:1,(anonymous_785)
FN:1,(anonymous_786)
FN:1,(anonymous_787)
FN:1,(anonymous_788)
FN:1,(anonymous_789)
FN:1,(anonymous_790)
FN:1,(anonymous_791)
FN:1,(anonymous_792)
FN:1,(anonymous_793)
FN:1,(anonymous_794)
FN:1,(anonymous_795)
FN:1,(anonymous_796)
FN:1,(anonymous_797)
FN:1,(anonymous_798)
FN:1,(anonymous_799)
FN:1,(anonymous_800)
FN:1,(anonymous_801)
FN:1,(anonymous_802)
FN:1,(anonymous_803)
FN:1,(anonymous_804)
FN:1,(anonymous_805)
FN:1,(anonymous_806)
FN:1,(anonymous_807)
FN:1,(anonymous_808)
FN:1,n
FN:1,(anonymous_810)
FN:1,(anonymous_811)
FN:1,(anonymous_812)
FN:1,(anonymous_813)
FN:1,(anonymous_814)
FN:1,(anonymous_815)
FN:1,(anonymous_816)
FN:1,(anonymous_817)
FN:1,(anonymous_818)
FN:1,(anonymous_819)
FN:1,(anonymous_820)
FN:1,(anonymous_821)
FN:1,(anonymous_822)
FN:1,(anonymous_823)
FN:1,(anonymous_824)
FN:1,(anonymous_825)
FN:1,(anonymous_826)
FN:1,(anonymous_827)
FN:1,(anonymous_828)
FN:1,(anonymous_829)
FN:1,(anonymous_830)
FN:1,(anonymous_831)
FN:1,(anonymous_832)
FN:1,(anonymous_833)
FN:1,(anonymous_834)
FN:1,(anonymous_835)
FN:1,(anonymous_836)
FN:1,(anonymous_837)
FN:1,(anonymous_838)
FN:1,(anonymous_839)
FN:1,(anonymous_840)
FN:1,(anonymous_841)
FN:1,(anonymous_842)
FN:1,(anonymous_843)
FN:1,(anonymous_844)
FN:1,(anonymous_845)
FN:1,(anonymous_846)
FN:1,(anonymous_847)
FN:1,(anonymous_848)
FN:1,(anonymous_849)
FN:1,(anonymous_850)
FN:1,(anonymous_851)
FN:1,(anonymous_852)
FN:1,(anonymous_853)
FN:1,(anonymous_854)
FN:1,(anonymous_855)
FN:1,(anonymous_856)
FN:1,(anonymous_857)
FN:1,(anonymous_858)
FN:1,(anonymous_859)
FN:1,(anonymous_860)
FN:1,(anonymous_861)
FN:1,(anonymous_862)
FN:1,(anonymous_863)
FN:1,(anonymous_864)
FN:1,(anonymous_865)
FN:1,(anonymous_866)
FN:1,(anonymous_867)
FN:1,(anonymous_868)
FN:1,(anonymous_869)
FN:1,(anonymous_870)
FN:1,(anonymous_871)
FN:1,(anonymous_872)
FN:1,(anonymous_873)
FN:1,(anonymous_874)
FN:1,(anonymous_875)
FN:1,(anonymous_876)
FN:1,(anonymous_877)
FN:1,(anonymous_878)
FN:1,(anonymous_879)
FN:1,(anonymous_880)
FN:1,(anonymous_881)
FN:1,(anonymous_882)
FN:1,(anonymous_883)
FN:1,(anonymous_884)
FN:1,(anonymous_885)
FN:1,(anonymous_886)
FN:1,(anonymous_887)
FN:1,(anonymous_888)
FN:1,(anonymous_889)
FN:1,(anonymous_890)
FN:1,(anonymous_891)
FN:1,(anonymous_892)
FN:1,(anonymous_893)
FN:1,(anonymous_894)
FN:1,(anonymous_895)
FN:1,(anonymous_896)
FN:1,(anonymous_897)
FN:1,(anonymous_898)
FN:1,(anonymous_899)
FN:1,(anonymous_900)
FN:1,(anonymous_901)
FN:1,(anonymous_902)
FN:1,(anonymous_903)
FN:1,(anonymous_904)
FN:1,(anonymous_905)
FN:1,(anonymous_906)
FN:1,(anonymous_907)
FN:1,(anonymous_908)
FN:1,(anonymous_909)
FN:1,(anonymous_910)
FN:1,(anonymous_911)
FN:1,(anonymous_912)
FN:1,(anonymous_913)
FN:1,(anonymous_914)
FN:1,(anonymous_915)
FN:1,(anonymous_916)
FN:1,(anonymous_917)
FN:1,(anonymous_918)
FN:1,(anonymous_919)
FN:1,(anonymous_920)
FN:1,(anonymous_921)
FN:1,(anonymous_922)
FN:1,(anonymous_923)
FN:1,(anonymous_924)
FN:1,(anonymous_925)
FN:1,(anonymous_926)
FN:1,(anonymous_927)
FN:1,(anonymous_928)
FN:1,(anonymous_929)
FN:1,(anonymous_930)
FN:1,(anonymous_931)
FN:1,(anonymous_932)
FN:1,(anonymous_933)
FN:1,(anonymous_934)
FN:1,(anonymous_935)
FN:1,(anonymous_936)
FN:1,(anonymous_937)
FN:1,(anonymous_938)
FN:1,(anonymous_939)
FN:1,(anonymous_940)
FN:1,(anonymous_941)
FN:1,(anonymous_942)
FN:1,(anonymous_943)
FN:1,(anonymous_944)
FN:1,(anonymous_945)
FN:1,(anonymous_946)
FN:1,(anonymous_947)
FN:1,(anonymous_948)
FN:1,(anonymous_949)
FN:1,(anonymous_950)
FN:1,(anonymous_951)
FN:1,(anonymous_952)
FN:1,(anonymous_953)
FN:1,(anonymous_954)
FN:1,t
FN:1,(anonymous_956)
FN:1,(anonymous_957)
FN:1,t
FN:1,(anonymous_959)
FN:1,(anonymous_960)
FN:1,(anonymous_961)
FN:1,(anonymous_962)
FN:1,(anonymous_963)
FN:1,(anonymous_964)
FN:1,t
FN:1,(anonymous_966)
FN:1,(anonymous_967)
FN:1,(anonymous_968)
FN:1,(anonymous_969)
FN:1,(anonymous_970)
FN:1,(anonymous_971)
FN:1,(anonymous_972)
FN:1,(anonymous_973)
FN:1,(anonymous_974)
FN:1,(anonymous_975)
FN:1,(anonymous_976)
FN:1,(anonymous_977)
FN:1,(anonymous_978)
FN:1,(anonymous_979)
FN:1,(anonymous_980)
FN:1,(anonymous_981)
FN:1,(anonymous_982)
FN:1,(anonymous_983)
FN:1,(anonymous_984)
FN:1,(anonymous_985)
FN:1,(anonymous_986)
FN:1,(anonymous_987)
FN:1,(anonymous_988)
FN:1,(anonymous_989)
FN:1,(anonymous_990)
FN:1,(anonymous_991)
FN:1,(anonymous_992)
FN:1,(anonymous_993)
FN:1,(anonymous_994)
FN:1,(anonymous_995)
FN:1,(anonymous_996)
FN:1,(anonymous_997)
FN:1,(anonymous_998)
FN:1,(anonymous_999)
FN:1,(anonymous_1000)
FN:1,(anonymous_1001)
FN:1,(anonymous_1002)
FN:1,(anonymous_1003)
FN:1,(anonymous_1004)
FN:1,(anonymous_1005)
FN:1,(anonymous_1006)
FN:1,(anonymous_1007)
FN:1,(anonymous_1008)
FN:1,(anonymous_1009)
FN:1,(anonymous_1010)
FN:1,(anonymous_1011)
FN:1,(anonymous_1012)
FN:1,(anonymous_1013)
FN:1,(anonymous_1014)
FN:1,(anonymous_1015)
FN:1,r
FN:1,(anonymous_1017)
FN:1,(anonymous_1018)
FN:1,(anonymous_1019)
FN:1,e
FN:1,(anonymous_1021)
FN:1,(anonymous_1022)
FN:1,(anonymous_1023)
FN:1,(anonymous_1024)
FN:1,(anonymous_1025)
FN:1,S
FN:1,(anonymous_1027)
FN:1,(anonymous_1028)
FN:1,w
FN:1,x
FN:1,_
FN:1,E
FN:1,O
FN:1,(anonymous_1034)
FN:1,(anonymous_1035)
FN:1,M
FN:1,r
FN:1,(anonymous_1038)
FN:1,(anonymous_1039)
FN:1,(anonymous_1040)
FN:1,(anonymous_1041)
FN:1,i
FN:1,(anonymous_1043)
FN:1,P
FN:1,F
FN:1,A
FN:1,j
FN:1,N
FN:1,n
FN:1,I
FN:2,(anonymous_1051)
FN:2,(anonymous_1052)
FN:2,_toConsumableArray
FN:2,(anonymous_1054)
FN:2,(anonymous_1055)
FN:2,(anonymous_1056)
FN:2,(anonymous_1057)
FN:2,(anonymous_1058)
FN:2,(anonymous_1059)
FN:2,(anonymous_1060)
FN:2,(anonymous_1061)
FN:2,(anonymous_1062)
FN:2,(anonymous_1063)
FN:2,(anonymous_1064)
FNF:1065
FNH:0
FNDA:0,(anonymous_0)
FNDA:0,(anonymous_1)
FNDA:0,t
FNDA:0,i
FNDA:0,(anonymous_4)
FNDA:0,(anonymous_5)
FNDA:0,(anonymous_6)
FNDA:0,e
FNDA:0,(anonymous_8)
FNDA:0,(anonymous_9)
FNDA:0,(anonymous_10)
FNDA:0,(anonymous_11)
FNDA:0,(anonymous_12)
FNDA:0,(anonymous_13)
FNDA:0,(anonymous_14)
FNDA:0,(anonymous_15)
FNDA:0,(anonymous_16)
FNDA:0,(anonymous_17)
FNDA:0,(anonymous_18)
FNDA:0,(anonymous_19)
FNDA:0,(anonymous_20)
FNDA:0,(anonymous_21)
FNDA:0,(anonymous_22)
FNDA:0,(anonymous_23)
FNDA:0,(anonymous_24)
FNDA:0,(anonymous_25)
FNDA:0,(anonymous_26)
FNDA:0,(anonymous_27)
FNDA:0,(anonymous_28)
FNDA:0,(anonymous_29)
FNDA:0,(anonymous_30)
FNDA:0,(anonymous_31)
FNDA:0,(anonymous_32)
FNDA:0,(anonymous_33)
FNDA:0,(anonymous_34)
FNDA:0,(anonymous_35)
FNDA:0,(anonymous_36)
FNDA:0,(anonymous_37)
FNDA:0,(anonymous_38)
FNDA:0,(anonymous_39)
FNDA:0,e
FNDA:0,(anonymous_41)
FNDA:0,(anonymous_42)
FNDA:0,(anonymous_43)
FNDA:0,(anonymous_44)
FNDA:0,(anonymous_45)
FNDA:0,(anonymous_46)
FNDA:0,(anonymous_47)
FNDA:0,(anonymous_48)
FNDA:0,(anonymous_49)
FNDA:0,(anonymous_50)
FNDA:0,(anonymous_51)
FNDA:0,(anonymous_52)
FNDA:0,(anonymous_53)
FNDA:0,(anonymous_54)
FNDA:0,(anonymous_55)
FNDA:0,(anonymous_56)
FNDA:0,(anonymous_57)
FNDA:0,(anonymous_58)
FNDA:0,(anonymous_59)
FNDA:0,(anonymous_60)
FNDA:0,(anonymous_61)
FNDA:0,(anonymous_62)
FNDA:0,(anonymous_63)
FNDA:0,(anonymous_64)
FNDA:0,(anonymous_65)
FNDA:0,(anonymous_66)
FNDA:0,(anonymous_67)
FNDA:0,(anonymous_68)
FNDA:0,(anonymous_69)
FNDA:0,(anonymous_70)
FNDA:0,(anonymous_71)
FNDA:0,(anonymous_72)
FNDA:0,(anonymous_73)
FNDA:0,(anonymous_74)
FNDA:0,(anonymous_75)
FNDA:0,(anonymous_76)
FNDA:0,(anonymous_77)
FNDA:0,(anonymous_78)
FNDA:0,(anonymous_79)
FNDA:0,(anonymous_80)
FNDA:0,(anonymous_81)
FNDA:0,(anonymous_82)
FNDA:0,(anonymous_83)
FNDA:0,(anonymous_84)
FNDA:0,(anonymous_85)
FNDA:0,(anonymous_86)
FNDA:0,(anonymous_87)
FNDA:0,(anonymous_88)
FNDA:0,(anonymous_89)
FNDA:0,(anonymous_90)
FNDA:0,(anonymous_91)
FNDA:0,(anonymous_92)
FNDA:0,(anonymous_93)
FNDA:0,(anonymous_94)
FNDA:0,(anonymous_95)
FNDA:0,(anonymous_96)
FNDA:0,(anonymous_97)
FNDA:0,(anonymous_98)
FNDA:0,(anonymous_99)
FNDA:0,(anonymous_100)
FNDA:0,(anonymous_101)
FNDA:0,(anonymous_102)
FNDA:0,(anonymous_103)
FNDA:0,(anonymous_104)
FNDA:0,(anonymous_105)
FNDA:0,(anonymous_106)
FNDA:0,(anonymous_107)
FNDA:0,(anonymous_108)
FNDA:0,(anonymous_109)
FNDA:0,(anonymous_110)
FNDA:0,(anonymous_111)
FNDA:0,(anonymous_112)
FNDA:0,(anonymous_113)
FNDA:0,(anonymous_114)
FNDA:0,(anonymous_115)
FNDA:0,(anonymous_116)
FNDA:0,(anonymous_117)
FNDA:0,(anonymous_118)
FNDA:0,t
FNDA:0,(anonymous_120)
FNDA:0,(anonymous_121)
FNDA:0,(anonymous_122)
FNDA:0,(anonymous_123)
FNDA:0,(anonymous_124)
FNDA:0,(anonymous_125)
FNDA:0,(anonymous_126)
FNDA:0,(anonymous_127)
FNDA:0,(anonymous_128)
FNDA:0,(anonymous_129)
FNDA:0,(anonymous_130)
FNDA:0,(anonymous_131)
FNDA:0,(anonymous_132)
FNDA:0,t
FNDA:0,(anonymous_134)
FNDA:0,(anonymous_135)
FNDA:0,(anonymous_136)
FNDA:0,(anonymous_137)
FNDA:0,(anonymous_138)
FNDA:0,(anonymous_139)
FNDA:0,(anonymous_140)
FNDA:0,(anonymous_141)
FNDA:0,(anonymous_142)
FNDA:0,(anonymous_143)
FNDA:0,(anonymous_144)
FNDA:0,(anonymous_145)
FNDA:0,(anonymous_146)
FNDA:0,(anonymous_147)
FNDA:0,(anonymous_148)
FNDA:0,(anonymous_149)
FNDA:0,(anonymous_150)
FNDA:0,(anonymous_151)
FNDA:0,(anonymous_152)
FNDA:0,(anonymous_153)
FNDA:0,(anonymous_154)
FNDA:0,(anonymous_155)
FNDA:0,(anonymous_156)
FNDA:0,(anonymous_157)
FNDA:0,(anonymous_158)
FNDA:0,(anonymous_159)
FNDA:0,(anonymous_160)
FNDA:0,(anonymous_161)
FNDA:0,(anonymous_162)
FNDA:0,(anonymous_163)
FNDA:0,(anonymous_164)
FNDA:0,(anonymous_165)
FNDA:0,(anonymous_166)
FNDA:0,(anonymous_167)
FNDA:0,(anonymous_168)
FNDA:0,(anonymous_169)
FNDA:0,(anonymous_170)
FNDA:0,(anonymous_171)
FNDA:0,(anonymous_172)
FNDA:0,(anonymous_173)
FNDA:0,(anonymous_174)
FNDA:0,(anonymous_175)
FNDA:0,(anonymous_176)
FNDA:0,(anonymous_177)
FNDA:0,(anonymous_178)
FNDA:0,(anonymous_179)
FNDA:0,(anonymous_180)
FNDA:0,(anonymous_181)
FNDA:0,(anonymous_182)
FNDA:0,(anonymous_183)
FNDA:0,(anonymous_184)
FNDA:0,(anonymous_185)
FNDA:0,(anonymous_186)
FNDA:0,(anonymous_187)
FNDA:0,(anonymous_188)
FNDA:0,(anonymous_189)
FNDA:0,(anonymous_190)
FNDA:0,(anonymous_191)
FNDA:0,(anonymous_192)
FNDA:0,(anonymous_193)
FNDA:0,(anonymous_194)
FNDA:0,(anonymous_195)
FNDA:0,(anonymous_196)
FNDA:0,(anonymous_197)
FNDA:0,(anonymous_198)
FNDA:0,(anonymous_199)
FNDA:0,(anonymous_200)
FNDA:0,(anonymous_201)
FNDA:0,(anonymous_202)
FNDA:0,(anonymous_203)
FNDA:0,(anonymous_204)
FNDA:0,(anonymous_205)
FNDA:0,(anonymous_206)
FNDA:0,(anonymous_207)
FNDA:0,(anonymous_208)
FNDA:0,(anonymous_209)
FNDA:0,(anonymous_210)
FNDA:0,(anonymous_211)
FNDA:0,(anonymous_212)
FNDA:0,(anonymous_213)
FNDA:0,(anonymous_214)
FNDA:0,(anonymous_215)
FNDA:0,(anonymous_216)
FNDA:0,(anonymous_217)
FNDA:0,(anonymous_218)
FNDA:0,(anonymous_219)
FNDA:0,(anonymous_220)
FNDA:0,(anonymous_221)
FNDA:0,(anonymous_222)
FNDA:0,(anonymous_223)
FNDA:0,(anonymous_224)
FNDA:0,(anonymous_225)
FNDA:0,(anonymous_226)
FNDA:0,(anonymous_227)
FNDA:0,(anonymous_228)
FNDA:0,(anonymous_229)
FNDA:0,(anonymous_230)
FNDA:0,(anonymous_231)
FNDA:0,(anonymous_232)
FNDA:0,(anonymous_233)
FNDA:0,(anonymous_234)
FNDA:0,(anonymous_235)
FNDA:0,(anonymous_236)
FNDA:0,(anonymous_237)
FNDA:0,(anonymous_238)
FNDA:0,(anonymous_239)
FNDA:0,(anonymous_240)
FNDA:0,(anonymous_241)
FNDA:0,(anonymous_242)
FNDA:0,(anonymous_243)
FNDA:0,(anonymous_244)
FNDA:0,(anonymous_245)
FNDA:0,(anonymous_246)
FNDA:0,(anonymous_247)
FNDA:0,(anonymous_248)
FNDA:0,(anonymous_249)
FNDA:0,(anonymous_250)
FNDA:0,(anonymous_251)
FNDA:0,(anonymous_252)
FNDA:0,(anonymous_253)
FNDA:0,(anonymous_254)
FNDA:0,(anonymous_255)
FNDA:0,(anonymous_256)
FNDA:0,(anonymous_257)
FNDA:0,(anonymous_258)
FNDA:0,(anonymous_259)
FNDA:0,(anonymous_260)
FNDA:0,(anonymous_261)
FNDA:0,(anonymous_262)
FNDA:0,(anonymous_263)
FNDA:0,(anonymous_264)
FNDA:0,(anonymous_265)
FNDA:0,(anonymous_266)
FNDA:0,(anonymous_267)
FNDA:0,(anonymous_268)
FNDA:0,(anonymous_269)
FNDA:0,(anonymous_270)
FNDA:0,(anonymous_271)
FNDA:0,(anonymous_272)
FNDA:0,(anonymous_273)
FNDA:0,(anonymous_274)
FNDA:0,(anonymous_275)
FNDA:0,(anonymous_276)
FNDA:0,(anonymous_277)
FNDA:0,(anonymous_278)
FNDA:0,(anonymous_279)
FNDA:0,(anonymous_280)
FNDA:0,(anonymous_281)
FNDA:0,(anonymous_282)
FNDA:0,(anonymous_283)
FNDA:0,(anonymous_284)
FNDA:0,(anonymous_285)
FNDA:0,(anonymous_286)
FNDA:0,(anonymous_287)
FNDA:0,(anonymous_288)
FNDA:0,(anonymous_289)
FNDA:0,(anonymous_290)
FNDA:0,(anonymous_291)
FNDA:0,(anonymous_292)
FNDA:0,(anonymous_293)
FNDA:0,(anonymous_294)
FNDA:0,(anonymous_295)
FNDA:0,(anonymous_296)
FNDA:0,(anonymous_297)
FNDA:0,(anonymous_298)
FNDA:0,(anonymous_299)
FNDA:0,(anonymous_300)
FNDA:0,(anonymous_301)
FNDA:0,(anonymous_302)
FNDA:0,(anonymous_303)
FNDA:0,(anonymous_304)
FNDA:0,(anonymous_305)
FNDA:0,(anonymous_306)
FNDA:0,(anonymous_307)
FNDA:0,(anonymous_308)
FNDA:0,(anonymous_309)
FNDA:0,(anonymous_310)
FNDA:0,(anonymous_311)
FNDA:0,(anonymous_312)
FNDA:0,(anonymous_313)
FNDA:0,(anonymous_314)
FNDA:0,(anonymous_315)
FNDA:0,(anonymous_316)
FNDA:0,(anonymous_317)
FNDA:0,(anonymous_318)
FNDA:0,(anonymous_319)
FNDA:0,(anonymous_320)
FNDA:0,(anonymous_321)
FNDA:0,(anonymous_322)
FNDA:0,(anonymous_323)
FNDA:0,(anonymous_324)
FNDA:0,(anonymous_325)
FNDA:0,(anonymous_326)
FNDA:0,(anonymous_327)
FNDA:0,(anonymous_328)
FNDA:0,(anonymous_329)
FNDA:0,(anonymous_330)
FNDA:0,(anonymous_331)
FNDA:0,(anonymous_332)
FNDA:0,(anonymous_333)
FNDA:0,(anonymous_334)
FNDA:0,(anonymous_335)
FNDA:0,(anonymous_336)
FNDA:0,(anonymous_337)
FNDA:0,(anonymous_338)
FNDA:0,(anonymous_339)
FNDA:0,(anonymous_340)
FNDA:0,(anonymous_341)
FNDA:0,(anonymous_342)
FNDA:0,(anonymous_343)
FNDA:0,(anonymous_344)
FNDA:0,(anonymous_345)
FNDA:0,(anonymous_346)
FNDA:0,(anonymous_347)
FNDA:0,(anonymous_348)
FNDA:0,(anonymous_349)
FNDA:0,(anonymous_350)
FNDA:0,(anonymous_351)
FNDA:0,(anonymous_352)
FNDA:0,(anonymous_353)
FNDA:0,(anonymous_354)
FNDA:0,(anonymous_355)
FNDA:0,(anonymous_356)
FNDA:0,(anonymous_357)
FNDA:0,(anonymous_358)
FNDA:0,(anonymous_359)
FNDA:0,(anonymous_360)
FNDA:0,(anonymous_361)
FNDA:0,(anonymous_362)
FNDA:0,(anonymous_363)
FNDA:0,(anonymous_364)
FNDA:0,(anonymous_365)
FNDA:0,(anonymous_366)
FNDA:0,(anonymous_367)
FNDA:0,(anonymous_368)
FNDA:0,(anonymous_369)
FNDA:0,(anonymous_370)
FNDA:0,(anonymous_371)
FNDA:0,(anonymous_372)
FNDA:0,(anonymous_373)
FNDA:0,(anonymous_374)
FNDA:0,(anonymous_375)
FNDA:0,(anonymous_376)
FNDA:0,(anonymous_377)
FNDA:0,(anonymous_378)
FNDA:0,(anonymous_379)
FNDA:0,(anonymous_380)
FNDA:0,(anonymous_381)
FNDA:0,(anonymous_382)
FNDA:0,(anonymous_383)
FNDA:0,(anonymous_384)
FNDA:0,(anonymous_385)
FNDA:0,(anonymous_386)
FNDA:0,(anonymous_387)
FNDA:0,(anonymous_388)
FNDA:0,(anonymous_389)
FNDA:0,(anonymous_390)
FNDA:0,(anonymous_391)
FNDA:0,(anonymous_392)
FNDA:0,(anonymous_393)
FNDA:0,(anonymous_394)
FNDA:0,(anonymous_395)
FNDA:0,(anonymous_396)
FNDA:0,(anonymous_397)
FNDA:0,(anonymous_398)
FNDA:0,(anonymous_399)
FNDA:0,(anonymous_400)
FNDA:0,(anonymous_401)
FNDA:0,(anonymous_402)
FNDA:0,(anonymous_403)
FNDA:0,(anonymous_404)
FNDA:0,(anonymous_405)
FNDA:0,(anonymous_406)
FNDA:0,(anonymous_407)
FNDA:0,(anonymous_408)
FNDA:0,(anonymous_409)
FNDA:0,(anonymous_410)
FNDA:0,(anonymous_411)
FNDA:0,(anonymous_412)
FNDA:0,(anonymous_413)
FNDA:0,(anonymous_414)
FNDA:0,(anonymous_415)
FNDA:0,(anonymous_416)
FNDA:0,(anonymous_417)
FNDA:0,(anonymous_418)
FNDA:0,(anonymous_419)
FNDA:0,(anonymous_420)
FNDA:0,(anonymous_421)
FNDA:0,(anonymous_422)
FNDA:0,L
FNDA:0,R
FNDA:0,k
FNDA:0,D
FNDA:0,W
FNDA:0,C
FNDA:0,G
FNDA:0,U
FNDA:0,B
FNDA:0,(anonymous_432)
FNDA:0,V
FNDA:0,z
FNDA:0,(anonymous_435)
FNDA:0,(anonymous_436)
FNDA:0,(anonymous_437)
FNDA:0,(anonymous_438)
FNDA:0,(anonymous_439)
FNDA:0,(anonymous_440)
FNDA:0,(anonymous_441)
FNDA:0,(anonymous_442)
FNDA:0,(anonymous_443)
FNDA:0,(anonymous_444)
FNDA:0,(anonymous_445)
FNDA:0,(anonymous_446)
FNDA:0,(anonymous_447)
FNDA:0,(anonymous_448)
FNDA:0,(anonymous_449)
FNDA:0,(anonymous_450)
FNDA:0,(anonymous_451)
FNDA:0,(anonymous_452)
FNDA:0,(anonymous_453)
FNDA:0,(anonymous_454)
FNDA:0,(anonymous_455)
FNDA:0,(anonymous_456)
FNDA:0,(anonymous_457)
FNDA:0,(anonymous_458)
FNDA:0,(anonymous_459)
FNDA:0,(anonymous_460)
FNDA:0,(anonymous_461)
FNDA:0,(anonymous_462)
FNDA:0,(anonymous_463)
FNDA:0,(anonymous_464)
FNDA:0,(anonymous_465)
FNDA:0,(anonymous_466)
FNDA:0,(anonymous_467)
FNDA:0,(anonymous_468)
FNDA:0,(anonymous_469)
FNDA:0,(anonymous_470)
FNDA:0,(anonymous_471)
FNDA:0,(anonymous_472)
FNDA:0,(anonymous_473)
FNDA:0,(anonymous_474)
FNDA:0,(anonymous_475)
FNDA:0,(anonymous_476)
FNDA:0,(anonymous_477)
FNDA:0,(anonymous_478)
FNDA:0,(anonymous_479)
FNDA:0,(anonymous_480)
FNDA:0,(anonymous_481)
FNDA:0,(anonymous_482)
FNDA:0,(anonymous_483)
FNDA:0,(anonymous_484)
FNDA:0,(anonymous_485)
FNDA:0,(anonymous_486)
FNDA:0,(anonymous_487)
FNDA:0,(anonymous_488)
FNDA:0,(anonymous_489)
FNDA:0,(anonymous_490)
FNDA:0,(anonymous_491)
FNDA:0,(anonymous_492)
FNDA:0,(anonymous_493)
FNDA:0,(anonymous_494)
FNDA:0,(anonymous_495)
FNDA:0,(anonymous_496)
FNDA:0,(anonymous_497)
FNDA:0,(anonymous_498)
FNDA:0,(anonymous_499)
FNDA:0,(anonymous_500)
FNDA:0,(anonymous_501)
FNDA:0,(anonymous_502)
FNDA:0,t
FNDA:0,(anonymous_504)
FNDA:0,(anonymous_505)
FNDA:0,(anonymous_506)
FNDA:0,(anonymous_507)
FNDA:0,(anonymous_508)
FNDA:0,(anonymous_509)
FNDA:0,(anonymous_510)
FNDA:0,(anonymous_511)
FNDA:0,(anonymous_512)
FNDA:0,(anonymous_513)
FNDA:0,(anonymous_514)
FNDA:0,(anonymous_515)
FNDA:0,(anonymous_516)
FNDA:0,(anonymous_517)
FNDA:0,(anonymous_518)
FNDA:0,(anonymous_519)
FNDA:0,(anonymous_520)
FNDA:0,(anonymous_521)
FNDA:0,(anonymous_522)
FNDA:0,(anonymous_523)
FNDA:0,(anonymous_524)
FNDA:0,(anonymous_525)
FNDA:0,(anonymous_526)
FNDA:0,(anonymous_527)
FNDA:0,(anonymous_528)
FNDA:0,(anonymous_529)
FNDA:0,(anonymous_530)
FNDA:0,(anonymous_531)
FNDA:0,(anonymous_532)
FNDA:0,(anonymous_533)
FNDA:0,(anonymous_534)
FNDA:0,(anonymous_535)
FNDA:0,(anonymous_536)
FNDA:0,(anonymous_537)
FNDA:0,(anonymous_538)
FNDA:0,(anonymous_539)
FNDA:0,(anonymous_540)
FNDA:0,(anonymous_541)
FNDA:0,t
FNDA:0,(anonymous_543)
FNDA:0,(anonymous_544)
FNDA:0,(anonymous_545)
FNDA:0,(anonymous_546)
FNDA:0,(anonymous_547)
FNDA:0,(anonymous_548)
FNDA:0,(anonymous_549)
FNDA:0,(anonymous_550)
FNDA:0,(anonymous_551)
FNDA:0,(anonymous_552)
FNDA:0,(anonymous_553)
FNDA:0,(anonymous_554)
FNDA:0,(anonymous_555)
FNDA:0,(anonymous_556)
FNDA:0,(anonymous_557)
FNDA:0,(anonymous_558)
FNDA:0,(anonymous_559)
FNDA:0,(anonymous_560)
FNDA:0,(anonymous_561)
FNDA:0,(anonymous_562)
FNDA:0,(anonymous_563)
FNDA:0,(anonymous_564)
FNDA:0,(anonymous_565)
FNDA:0,(anonymous_566)
FNDA:0,(anonymous_567)
FNDA:0,(anonymous_568)
FNDA:0,(anonymous_569)
FNDA:0,(anonymous_570)
FNDA:0,(anonymous_571)
FNDA:0,(anonymous_572)
FNDA:0,(anonymous_573)
FNDA:0,(anonymous_574)
FNDA:0,(anonymous_575)
FNDA:0,(anonymous_576)
FNDA:0,(anonymous_577)
FNDA:0,(anonymous_578)
FNDA:0,(anonymous_579)
FNDA:0,(anonymous_580)
FNDA:0,(anonymous_581)
FNDA:0,(anonymous_582)
FNDA:0,(anonymous_583)
FNDA:0,(anonymous_584)
FNDA:0,(anonymous_585)
FNDA:0,(anonymous_586)
FNDA:0,(anonymous_587)
FNDA:0,(anonymous_588)
FNDA:0,(anonymous_589)
FNDA:0,(anonymous_590)
FNDA:0,t
FNDA:0,(anonymous_592)
FNDA:0,(anonymous_593)
FNDA:0,(anonymous_594)
FNDA:0,(anonymous_595)
FNDA:0,(anonymous_596)
FNDA:0,(anonymous_597)
FNDA:0,(anonymous_598)
FNDA:0,(anonymous_599)
FNDA:0,(anonymous_600)
FNDA:0,(anonymous_601)
FNDA:0,(anonymous_602)
FNDA:0,(anonymous_603)
FNDA:0,(anonymous_604)
FNDA:0,(anonymous_605)
FNDA:0,(anonymous_606)
FNDA:0,(anonymous_607)
FNDA:0,(anonymous_608)
FNDA:0,(anonymous_609)
FNDA:0,(anonymous_610)
FNDA:0,(anonymous_611)
FNDA:0,(anonymous_612)
FNDA:0,(anonymous_613)
FNDA:0,(anonymous_614)
FNDA:0,(anonymous_615)
FNDA:0,(anonymous_616)
FNDA:0,(anonymous_617)
FNDA:0,(anonymous_618)
FNDA:0,(anonymous_619)
FNDA:0,(anonymous_620)
FNDA:0,(anonymous_621)
FNDA:0,(anonymous_622)
FNDA:0,(anonymous_623)
FNDA:0,(anonymous_624)
FNDA:0,(anonymous_625)
FNDA:0,(anonymous_626)
FNDA:0,(anonymous_627)
FNDA:0,(anonymous_628)
FNDA:0,(anonymous_629)
FNDA:0,(anonymous_630)
FNDA:0,(anonymous_631)
FNDA:0,(anonymous_632)
FNDA:0,(anonymous_633)
FNDA:0,(anonymous_634)
FNDA:0,(anonymous_635)
FNDA:0,(anonymous_636)
FNDA:0,(anonymous_637)
FNDA:0,(anonymous_638)
FNDA:0,(anonymous_639)
FNDA:0,(anonymous_640)
FNDA:0,(anonymous_641)
FNDA:0,(anonymous_642)
FNDA:0,(anonymous_643)
FNDA:0,(anonymous_644)
FNDA:0,(anonymous_645)
FNDA:0,(anonymous_646)
FNDA:0,(anonymous_647)
FNDA:0,(anonymous_648)
FNDA:0,(anonymous_649)
FNDA:0,t
FNDA:0,(anonymous_651)
FNDA:0,(anonymous_652)
FNDA:0,(anonymous_653)
FNDA:0,t
FNDA:0,(anonymous_655)
FNDA:0,(anonymous_656)
FNDA:0,(anonymous_657)
FNDA:0,(anonymous_658)
FNDA:0,(anonymous_659)
FNDA:0,(anonymous_660)
FNDA:0,(anonymous_661)
FNDA:0,(anonymous_662)
FNDA:0,(anonymous_663)
FNDA:0,(anonymous_664)
FNDA:0,(anonymous_665)
FNDA:0,(anonymous_666)
FNDA:0,(anonymous_667)
FNDA:0,(anonymous_668)
FNDA:0,(anonymous_669)
FNDA:0,(anonymous_670)
FNDA:0,(anonymous_671)
FNDA:0,(anonymous_672)
FNDA:0,(anonymous_673)
FNDA:0,(anonymous_674)
FNDA:0,(anonymous_675)
FNDA:0,(anonymous_676)
FNDA:0,(anonymous_677)
FNDA:0,t
FNDA:0,(anonymous_679)
FNDA:0,(anonymous_680)
FNDA:0,(anonymous_681)
FNDA:0,(anonymous_682)
FNDA:0,(anonymous_683)
FNDA:0,(anonymous_684)
FNDA:0,(anonymous_685)
FNDA:0,(anonymous_686)
FNDA:0,(anonymous_687)
FNDA:0,(anonymous_688)
FNDA:0,(anonymous_689)
FNDA:0,(anonymous_690)
FNDA:0,(anonymous_691)
FNDA:0,(anonymous_692)
FNDA:0,(anonymous_693)
FNDA:0,(anonymous_694)
FNDA:0,(anonymous_695)
FNDA:0,(anonymous_696)
FNDA:0,t
FNDA:0,(anonymous_698)
FNDA:0,(anonymous_699)
FNDA:0,(anonymous_700)
FNDA:0,(anonymous_701)
FNDA:0,(anonymous_702)
FNDA:0,(anonymous_703)
FNDA:0,(anonymous_704)
FNDA:0,(anonymous_705)
FNDA:0,(anonymous_706)
FNDA:0,(anonymous_707)
FNDA:0,t
FNDA:0,(anonymous_709)
FNDA:0,(anonymous_710)
FNDA:0,(anonymous_711)
FNDA:0,(anonymous_712)
FNDA:0,(anonymous_713)
FNDA:0,(anonymous_714)
FNDA:0,(anonymous_715)
FNDA:0,(anonymous_716)
FNDA:0,(anonymous_717)
FNDA:0,(anonymous_718)
FNDA:0,(anonymous_719)
FNDA:0,(anonymous_720)
FNDA:0,(anonymous_721)
FNDA:0,(anonymous_722)
FNDA:0,(anonymous_723)
FNDA:0,(anonymous_724)
FNDA:0,(anonymous_725)
FNDA:0,(anonymous_726)
FNDA:0,(anonymous_727)
FNDA:0,(anonymous_728)
FNDA:0,(anonymous_729)
FNDA:0,(anonymous_730)
FNDA:0,(anonymous_731)
FNDA:0,(anonymous_732)
FNDA:0,(anonymous_733)
FNDA:0,(anonymous_734)
FNDA:0,(anonymous_735)
FNDA:0,(anonymous_736)
FNDA:0,(anonymous_737)
FNDA:0,(anonymous_738)
FNDA:0,(anonymous_739)
FNDA:0,(anonymous_740)
FNDA:0,(anonymous_741)
FNDA:0,(anonymous_742)
FNDA:0,(anonymous_743)
FNDA:0,(anonymous_744)
FNDA:0,(anonymous_745)
FNDA:0,(anonymous_746)
FNDA:0,(anonymous_747)
FNDA:0,(anonymous_748)
FNDA:0,(anonymous_749)
FNDA:0,(anonymous_750)
FNDA:0,(anonymous_751)
FNDA:0,(anonymous_752)
FNDA:0,(anonymous_753)
FNDA:0,(anonymous_754)
FNDA:0,(anonymous_755)
FNDA:0,(anonymous_756)
FNDA:0,(anonymous_757)
FNDA:0,(anonymous_758)
FNDA:0,(anonymous_759)
FNDA:0,(anonymous_760)
FNDA:0,(anonymous_761)
FNDA:0,(anonymous_762)
FNDA:0,(anonymous_763)
FNDA:0,(anonymous_764)
FNDA:0,(anonymous_765)
FNDA:0,(anonymous_766)
FNDA:0,(anonymous_767)
FNDA:0,(anonymous_768)
FNDA:0,(anonymous_769)
FNDA:0,(anonymous_770)
FNDA:0,(anonymous_771)
FNDA:0,(anonymous_772)
FNDA:0,(anonymous_773)
FNDA:0,(anonymous_774)
FNDA:0,(anonymous_775)
FNDA:0,(anonymous_776)
FNDA:0,(anonymous_777)
FNDA:0,(anonymous_778)
FNDA:0,(anonymous_779)
FNDA:0,(anonymous_780)
FNDA:0,(anonymous_781)
FNDA:0,(anonymous_782)
FNDA:0,(anonymous_783)
FNDA:0,(anonymous_784)
FNDA:0,(anonymous_785)
FNDA:0,(anonymous_786)
FNDA:0,(anonymous_787)
FNDA:0,(anonymous_788)
FNDA:0,(anonymous_789)
FNDA:0,(anonymous_790)
FNDA:0,(anonymous_791)
FNDA:0,(anonymous_792)
FNDA:0,(anonymous_793)
FNDA:0,(anonymous_794)
FNDA:0,(anonymous_795)
FNDA:0,(anonymous_796)
FNDA:0,(anonymous_797)
FNDA:0,(anonymous_798)
FNDA:0,(anonymous_799)
FNDA:0,(anonymous_800)
FNDA:0,(anonymous_801)
FNDA:0,(anonymous_802)
FNDA:0,(anonymous_803)
FNDA:0,(anonymous_804)
FNDA:0,(anonymous_805)
FNDA:0,(anonymous_806)
FNDA:0,(anonymous_807)
FNDA:0,(anonymous_808)
FNDA:0,n
FNDA:0,(anonymous_810)
FNDA:0,(anonymous_811)
FNDA:0,(anonymous_812)
FNDA:0,(anonymous_813)
FNDA:0,(anonymous_814)
FNDA:0,(anonymous_815)
FNDA:0,(anonymous_816)
FNDA:0,(anonymous_817)
FNDA:0,(anonymous_818)
FNDA:0,(anonymous_819)
FNDA:0,(anonymous_820)
FNDA:0,(anonymous_821)
FNDA:0,(anonymous_822)
FNDA:0,(anonymous_823)
FNDA:0,(anonymous_824)
FNDA:0,(anonymous_825)
FNDA:0,(anonymous_826)
FNDA:0,(anonymous_827)
FNDA:0,(anonymous_828)
FNDA:0,(anonymous_829)
FNDA:0,(anonymous_830)
FNDA:0,(anonymous_831)
FNDA:0,(anonymous_832)
FNDA:0,(anonymous_833)
FNDA:0,(anonymous_834)
FNDA:0,(anonymous_835)
FNDA:0,(anonymous_836)
FNDA:0,(anonymous_837)
FNDA:0,(anonymous_838)
FNDA:0,(anonymous_839)
FNDA:0,(anonymous_840)
FNDA:0,(anonymous_841)
FNDA:0,(anonymous_842)
FNDA:0,(anonymous_843)
FNDA:0,(anonymous_844)
FNDA:0,(anonymous_845)
FNDA:0,(anonymous_846)
FNDA:0,(anonymous_847)
FNDA:0,(anonymous_848)
FNDA:0,(anonymous_849)
FNDA:0,(anonymous_850)
FNDA:0,(anonymous_851)
FNDA:0,(anonymous_852)
FNDA:0,(anonymous_853)
FNDA:0,(anonymous_854)
FNDA:0,(anonymous_855)
FNDA:0,(anonymous_856)
FNDA:0,(anonymous_857)
FNDA:0,(anonymous_858)
FNDA:0,(anonymous_859)
FNDA:0,(anonymous_860)
FNDA:0,(anonymous_861)
FNDA:0,(anonymous_862)
FNDA:0,(anonymous_863)
FNDA:0,(anonymous_864)
FNDA:0,(anonymous_865)
FNDA:0,(anonymous_866)
FNDA:0,(anonymous_867)
FNDA:0,(anonymous_868)
FNDA:0,(anonymous_869)
FNDA:0,(anonymous_870)
FNDA:0,(anonymous_871)
FNDA:0,(anonymous_872)
FNDA:0,(anonymous_873)
FNDA:0,(anonymous_874)
FNDA:0,(anonymous_875)
FNDA:0,(anonymous_876)
FNDA:0,(anonymous_877)
FNDA:0,(anonymous_878)
FNDA:0,(anonymous_879)
FNDA:0,(anonymous_880)
FNDA:0,(anonymous_881)
FNDA:0,(anonymous_882)
FNDA:0,(anonymous_883)
FNDA:0,(anonymous_884)
FNDA:0,(anonymous_885)
FNDA:0,(anonymous_886)
FNDA:0,(anonymous_887)
FNDA:0,(anonymous_888)
FNDA:0,(anonymous_889)
FNDA:0,(anonymous_890)
FNDA:0,(anonymous_891)
FNDA:0,(anonymous_892)
FNDA:0,(anonymous_893)
FNDA:0,(anonymous_894)
FNDA:0,(anonymous_895)
FNDA:0,(anonymous_896)
FNDA:0,(anonymous_897)
FNDA:0,(anonymous_898)
FNDA:0,(anonymous_899)
FNDA:0,(anonymous_900)
FNDA:0,(anonymous_901)
FNDA:0,(anonymous_902)
FNDA:0,(anonymous_903)
FNDA:0,(anonymous_904)
FNDA:0,(anonymous_905)
FNDA:0,(anonymous_906)
FNDA:0,(anonymous_907)
FNDA:0,(anonymous_908)
FNDA:0,(anonymous_909)
FNDA:0,(anonymous_910)
FNDA:0,(anonymous_911)
FNDA:0,(anonymous_912)
FNDA:0,(anonymous_913)
FNDA:0,(anonymous_914)
FNDA:0,(anonymous_915)
FNDA:0,(anonymous_916)
FNDA:0,(anonymous_917)
FNDA:0,(anonymous_918)
FNDA:0,(anonymous_919)
FNDA:0,(anonymous_920)
FNDA:0,(anonymous_921)
FNDA:0,(anonymous_922)
FNDA:0,(anonymous_923)
FNDA:0,(anonymous_924)
FNDA:0,(anonymous_925)
FNDA:0,(anonymous_926)
FNDA:0,(anonymous_927)
FNDA:0,(anonymous_928)
FNDA:0,(anonymous_929)
FNDA:0,(anonymous_930)
FNDA:0,(anonymous_931)
FNDA:0,(anonymous_932)
FNDA:0,(anonymous_933)
FNDA:0,(anonymous_934)
FNDA:0,(anonymous_935)
FNDA:0,(anonymous_936)
FNDA:0,(anonymous_937)
FNDA:0,(anonymous_938)
FNDA:0,(anonymous_939)
FNDA:0,(anonymous_940)
FNDA:0,(anonymous_941)
FNDA:0,(anonymous_942)
FNDA:0,(anonymous_943)
FNDA:0,(anonymous_944)
FNDA:0,(anonymous_945)
FNDA:0,(anonymous_946)
FNDA:0,(anonymous_947)
FNDA:0,(anonymous_948)
FNDA:0,(anonymous_949)
FNDA:0,(anonymous_950)
FNDA:0,(anonymous_951)
FNDA:0,(anonymous_952)
FNDA:0,(anonymous_953)
FNDA:0,(anonymous_954)
FNDA:0,t
FNDA:0,(anonymous_956)
FNDA:0,(anonymous_957)
FNDA:0,t
FNDA:0,(anonymous_959)
FNDA:0,(anonymous_960)
FNDA:0,(anonymous_961)
FNDA:0,(anonymous_962)
FNDA:0,(anonymous_963)
FNDA:0,(anonymous_964)
FNDA:0,t
FNDA:0,(anonymous_966)
FNDA:0,(anonymous_967)
FNDA:0,(anonymous_968)
FNDA:0,(anonymous_969)
FNDA:0,(anonymous_970)
FNDA:0,(anonymous_971)
FNDA:0,(anonymous_972)
FNDA:0,(anonymous_973)
FNDA:0,(anonymous_974)
FNDA:0,(anonymous_975)
FNDA:0,(anonymous_976)
FNDA:0,(anonymous_977)
FNDA:0,(anonymous_978)
FNDA:0,(anonymous_979)
FNDA:0,(anonymous_980)
FNDA:0,(anonymous_981)
FNDA:0,(anonymous_982)
FNDA:0,(anonymous_983)
FNDA:0,(anonymous_984)
FNDA:0,(anonymous_985)
FNDA:0,(anonymous_986)
FNDA:0,(anonymous_987)
FNDA:0,(anonymous_988)
FNDA:0,(anonymous_989)
FNDA:0,(anonymous_990)
FNDA:0,(anonymous_991)
FNDA:0,(anonymous_992)
FNDA:0,(anonymous_993)
FNDA:0,(anonymous_994)
FNDA:0,(anonymous_995)
FNDA:0,(anonymous_996)
FNDA:0,(anonymous_997)
FNDA:0,(anonymous_998)
FNDA:0,(anonymous_999)
FNDA:0,(anonymous_1000)
FNDA:0,(anonymous_1001)
FNDA:0,(anonymous_1002)
FNDA:0,(anonymous_1003)
FNDA:0,(anonymous_1004)
FNDA:0,(anonymous_1005)
FNDA:0,(anonymous_1006)
FNDA:0,(anonymous_1007)
FNDA:0,(anonymous_1008)
FNDA:0,(anonymous_1009)
FNDA:0,(anonymous_1010)
FNDA:0,(anonymous_1011)
FNDA:0,(anonymous_1012)
FNDA:0,(anonymous_1013)
FNDA:0,(anonymous_1014)
FNDA:0,(anonymous_1015)
FNDA:0,r
FNDA:0,(anonymous_1017)
FNDA:0,(anonymous_1018)
FNDA:0,(anonymous_1019)
FNDA:0,e
FNDA:0,(anonymous_1021)
FNDA:0,(anonymous_1022)
FNDA:0,(anonymous_1023)
FNDA:0,(anonymous_1024)
FNDA:0,(anonymous_1025)
FNDA:0,S
FNDA:0,(anonymous_1027)
FNDA:0,(anonymous_1028)
FNDA:0,w
FNDA:0,x
FNDA:0,_
FNDA:0,E
FNDA:0,O
FNDA:0,(anonymous_1034)
FNDA:0,(anonymous_1035)
FNDA:0,M
FNDA:0,r
FNDA:0,(anonymous_1038)
FNDA:0,(anonymous_1039)
FNDA:0,(anonymous_1040)
FNDA:0,(anonymous_1041)
FNDA:0,i
FNDA:0,(anonymous_1043)
FNDA:0,P
FNDA:0,F
FNDA:0,A
FNDA:0,j
FNDA:0,N
FNDA:0,n
FNDA:0,I
FNDA:0,(anonymous_1051)
FNDA:0,(anonymous_1052)
FNDA:0,_toConsumableArray
FNDA:0,(anonymous_1054)
FNDA:0,(anonymous_1055)
FNDA:0,(anonymous_1056)
FNDA:0,(anonymous_1057)
FNDA:0,(anonymous_1058)
FNDA:0,(anonymous_1059)
FNDA:0,(anonymous_1060)
FNDA:0,(anonymous_1061)
FNDA:0,(anonymous_1062)
FNDA:0,(anonymous_1063)
FNDA:0,(anonymous_1064)
DA:1,0
DA:2,0
LF:2
LH:0
BRDA:1,0,0,0
BRDA:1,0,1,0
BRDA:1,1,0,0
BRDA:1,1,1,0
BRDA:1,2,0,0
BRDA:1,2,1,0
BRDA:1,3,0,0
BRDA:1,3,1,0
BRDA:1,3,2,0
BRDA:1,3,3,0
BRDA:1,4,0,0
BRDA:1,4,1,0
BRDA:1,5,0,0
BRDA:1,5,1,0
BRDA:1,6,0,0
BRDA:1,6,1,0
BRDA:1,7,0,0
BRDA:1,7,1,0
BRDA:1,8,0,0
BRDA:1,8,1,0
BRDA:1,9,0,0
BRDA:1,9,1,0
BRDA:1,10,0,0
BRDA:1,10,1,0
BRDA:1,11,0,0
BRDA:1,11,1,0
BRDA:1,12,0,0
BRDA:1,12,1,0
BRDA:1,13,0,0
BRDA:1,13,1,0
BRDA:1,14,0,0
BRDA:1,14,1,0
BRDA:1,15,0,0
BRDA:1,15,1,0
BRDA:1,16,0,0
BRDA:1,16,1,0
BRDA:1,17,0,0
BRDA:1,17,1,0
BRDA:1,18,0,0
BRDA:1,18,1,0
BRDA:1,19,0,0
BRDA:1,19,1,0
BRDA:1,20,0,0
BRDA:1,20,1,0
BRDA:1,21,0,0
BRDA:1,21,1,0
BRDA:1,22,0,0
BRDA:1,22,1,0
BRDA:1,22,2,0
BRDA:1,23,0,0
BRDA:1,23,1,0
BRDA:1,24,0,0
BRDA:1,24,1,0
BRDA:1,25,0,0
BRDA:1,25,1,0
BRDA:1,26,0,0
BRDA:1,26,1,0
BRDA:1,27,0,0
BRDA:1,27,1,0
BRDA:1,28,0,0
BRDA:1,28,1,0
BRDA:1,29,0,0
BRDA:1,29,1,0
BRDA:1,30,0,0
BRDA:1,30,1,0
BRDA:1,31,0,0
BRDA:1,31,1,0
BRDA:1,32,0,0
BRDA:1,32,1,0
BRDA:1,32,2,0
BRDA:1,33,0,0
BRDA:1,33,1,0
BRDA:1,33,2,0
BRDA:1,34,0,0
BRDA:1,34,1,0
BRDA:1,35,0,0
BRDA:1,35,1,0
BRDA:1,36,0,0
BRDA:1,36,1,0
BRDA:1,37,0,0
BRDA:1,37,1,0
BRDA:1,38,0,0
BRDA:1,38,1,0
BRDA:1,38,2,0
BRDA:1,39,0,0
BRDA:1,39,1,0
BRDA:1,40,0,0
BRDA:1,40,1,0
BRDA:1,41,0,0
BRDA:1,41,1,0
BRDA:1,41,2,0
BRDA:1,41,3,0
BRDA:1,42,0,0
BRDA:1,42,1,0
BRDA:1,43,0,0
BRDA:1,43,1,0
BRDA:1,44,0,0
BRDA:1,44,1,0
BRDA:1,45,0,0
BRDA:1,45,1,0
BRDA:1,46,0,0
BRDA:1,46,1,0
BRDA:1,47,0,0
BRDA:1,47,1,0
BRDA:1,48,0,0
BRDA:1,48,1,0
BRDA:1,49,0,0
BRDA:1,49,1,0
BRDA:1,50,0,0
BRDA:1,50,1,0
BRDA:1,51,0,0
BRDA:1,51,1,0
BRDA:1,52,0,0
BRDA:1,52,1,0
BRDA:1,53,0,0
BRDA:1,53,1,0
BRDA:1,54,0,0
BRDA:1,54,1,0
BRDA:1,55,0,0
BRDA:1,55,1,0
BRDA:1,55,2,0
BRDA:1,55,3,0
BRDA:1,56,0,0
BRDA:1,56,1,0
BRDA:1,56,2,0
BRDA:1,57,0,0
BRDA:1,57,1,0
BRDA:1,58,0,0
BRDA:1,58,1,0
BRDA:1,59,0,0
BRDA:1,59,1,0
BRDA:1,60,0,0
BRDA:1,60,1,0
BRDA:1,61,0,0
BRDA:1,61,1,0
BRDA:1,62,0,0
BRDA:1,62,1,0
BRDA:1,63,0,0
BRDA:1,63,1,0
BRDA:1,64,0,0
BRDA:1,64,1,0
BRDA:1,65,0,0
BRDA:1,65,1,0
BRDA:1,66,0,0
BRDA:1,66,1,0
BRDA:1,67,0,0
BRDA:1,67,1,0
BRDA:1,68,0,0
BRDA:1,68,1,0
BRDA:1,69,0,0
BRDA:1,69,1,0
BRDA:1,70,0,0
BRDA:1,70,1,0
BRDA:1,71,0,0
BRDA:1,71,1,0
BRDA:1,72,0,0
BRDA:1,72,1,0
BRDA:1,73,0,0
BRDA:1,73,1,0
BRDA:1,74,0,0
BRDA:1,74,1,0
BRDA:1,75,0,0
BRDA:1,75,1,0
BRDA:1,76,0,0
BRDA:1,76,1,0
BRDA:1,77,0,0
BRDA:1,77,1,0
BRDA:1,78,0,0
BRDA:1,78,1,0
BRDA:1,79,0,0
BRDA:1,79,1,0
BRDA:1,80,0,0
BRDA:1,80,1,0
BRDA:1,81,0,0
BRDA:1,81,1,0
BRDA:1,82,0,0
BRDA:1,82,1,0
BRDA:1,83,0,0
BRDA:1,83,1,0
BRDA:1,84,0,0
BRDA:1,84,1,0
BRDA:1,85,0,0
BRDA:1,85,1,0
BRDA:1,86,0,0
BRDA:1,86,1,0
BRDA:1,87,0,0
BRDA:1,87,1,0
BRDA:1,88,0,0
BRDA:1,88,1,0
BRDA:1,89,0,0
BRDA:1,89,1,0
BRDA:1,90,0,0
BRDA:1,90,1,0
BRDA:1,91,0,0
BRDA:1,91,1,0
BRDA:1,92,0,0
BRDA:1,92,1,0
BRDA:1,93,0,0
BRDA:1,93,1,0
BRDA:1,94,0,0
BRDA:1,94,1,0
BRDA:1,95,0,0
BRDA:1,95,1,0
BRDA:1,96,0,0
BRDA:1,96,1,0
BRDA:1,97,0,0
BRDA:1,97,1,0
BRDA:1,98,0,0
BRDA:1,98,1,0
BRDA:1,99,0,0
BRDA:1,99,1,0
BRDA:1,100,0,0
BRDA:1,100,1,0
BRDA:1,100,2,0
BRDA:1,101,0,0
BRDA:1,101,1,0
BRDA:1,102,0,0
BRDA:1,102,1,0
BRDA:1,103,0,0
BRDA:1,103,1,0
BRDA:1,104,0,0
BRDA:1,104,1,0
BRDA:1,105,0,0
BRDA:1,105,1,0
BRDA:1,106,0,0
BRDA:1,106,1,0
BRDA:1,107,0,0
BRDA:1,107,1,0
BRDA:1,108,0,0
BRDA:1,108,1,0
BRDA:1,109,0,0
BRDA:1,109,1,0
BRDA:1,110,0,0
BRDA:1,110,1,0
BRDA:1,111,0,0
BRDA:1,111,1,0
BRDA:1,112,0,0
BRDA:1,112,1,0
BRDA:1,113,0,0
BRDA:1,113,1,0
BRDA:1,114,0,0
BRDA:1,114,1,0
BRDA:1,115,0,0
BRDA:1,115,1,0
BRDA:1,116,0,0
BRDA:1,116,1,0
BRDA:1,117,0,0
BRDA:1,117,1,0
BRDA:1,118,0,0
BRDA:1,118,1,0
BRDA:1,119,0,0
BRDA:1,119,1,0
BRDA:1,120,0,0
BRDA:1,120,1,0
BRDA:1,121,0,0
BRDA:1,121,1,0
BRDA:1,122,0,0
BRDA:1,122,1,0
BRDA:1,123,0,0
BRDA:1,123,1,0
BRDA:1,123,2,0
BRDA:1,123,3,0
BRDA:1,124,0,0
BRDA:1,124,1,0
BRDA:1,125,0,0
BRDA:1,125,1,0
BRDA:1,126,0,0
BRDA:1,126,1,0
BRDA:1,127,0,0
BRDA:1,127,1,0
BRDA:1,128,0,0
BRDA:1,128,1,0
BRDA:1,128,2,0
BRDA:1,129,0,0
BRDA:1,129,1,0
BRDA:1,130,0,0
BRDA:1,130,1,0
BRDA:1,130,2,0
BRDA:1,131,0,0
BRDA:1,131,1,0
BRDA:1,131,2,0
BRDA:1,132,0,0
BRDA:1,132,1,0
BRDA:1,133,0,0
BRDA:1,133,1,0
BRDA:1,134,0,0
BRDA:1,134,1,0
BRDA:1,135,0,0
BRDA:1,135,1,0
BRDA:1,136,0,0
BRDA:1,136,1,0
BRDA:1,136,2,0
BRDA:1,137,0,0
BRDA:1,137,1,0
BRDA:1,138,0,0
BRDA:1,138,1,0
BRDA:1,139,0,0
BRDA:1,139,1,0
BRDA:1,140,0,0
BRDA:1,140,1,0
BRDA:1,141,0,0
BRDA:1,141,1,0
BRDA:1,142,0,0
BRDA:1,142,1,0
BRDA:1,143,0,0
BRDA:1,143,1,0
BRDA:1,144,0,0
BRDA:1,144,1,0
BRDA:1,145,0,0
BRDA:1,145,1,0
BRDA:1,146,0,0
BRDA:1,146,1,0
BRDA:1,146,2,0
BRDA:1,147,0,0
BRDA:1,147,1,0
BRDA:1,148,0,0
BRDA:1,148,1,0
BRDA:1,149,0,0
BRDA:1,149,1,0
BRDA:1,150,0,0
BRDA:1,150,1,0
BRDA:1,151,0,0
BRDA:1,151,1,0
BRDA:1,152,0,0
BRDA:1,152,1,0
BRDA:1,153,0,0
BRDA:1,153,1,0
BRDA:1,154,0,0
BRDA:1,154,1,0
BRDA:1,155,0,0
BRDA:1,155,1,0
BRDA:1,156,0,0
BRDA:1,156,1,0
BRDA:1,157,0,0
BRDA:1,157,1,0
BRDA:1,158,0,0
BRDA:1,158,1,0
BRDA:1,159,0,0
BRDA:1,159,1,0
BRDA:1,160,0,0
BRDA:1,160,1,0
BRDA:1,161,0,0
BRDA:1,161,1,0
BRDA:1,161,2,0
BRDA:1,162,0,0
BRDA:1,162,1,0
BRDA:1,163,0,0
BRDA:1,163,1,0
BRDA:1,164,0,0
BRDA:1,164,1,0
BRDA:1,165,0,0
BRDA:1,165,1,0
BRDA:1,166,0,0
BRDA:1,166,1,0
BRDA:1,167,0,0
BRDA:1,167,1,0
BRDA:1,168,0,0
BRDA:1,168,1,0
BRDA:1,168,2,0
BRDA:1,169,0,0
BRDA:1,169,1,0
BRDA:1,170,0,0
BRDA:1,170,1,0
BRDA:1,171,0,0
BRDA:1,171,1,0
BRDA:1,172,0,0
BRDA:1,172,1,0
BRDA:1,173,0,0
BRDA:1,173,1,0
BRDA:1,174,0,0
BRDA:1,174,1,0
BRDA:1,175,0,0
BRDA:1,175,1,0
BRDA:1,176,0,0
BRDA:1,176,1,0
BRDA:1,177,0,0
BRDA:1,177,1,0
BRDA:1,178,0,0
BRDA:1,178,1,0
BRDA:1,179,0,0
BRDA:1,179,1,0
BRDA:1,180,0,0
BRDA:1,180,1,0
BRDA:1,181,0,0
BRDA:1,181,1,0
BRDA:1,182,0,0
BRDA:1,182,1,0
BRDA:1,183,0,0
BRDA:1,183,1,0
BRDA:1,184,0,0
BRDA:1,184,1,0
BRDA:1,185,0,0
BRDA:1,185,1,0
BRDA:1,186,0,0
BRDA:1,186,1,0
BRDA:1,187,0,0
BRDA:1,187,1,0
BRDA:1,188,0,0
BRDA:1,188,1,0
BRDA:1,189,0,0
BRDA:1,189,1,0
BRDA:1,190,0,0
BRDA:1,190,1,0
BRDA:1,191,0,0
BRDA:1,191,1,0
BRDA:1,192,0,0
BRDA:1,192,1,0
BRDA:1,193,0,0
BRDA:1,193,1,0
BRDA:1,194,0,0
BRDA:1,194,1,0
BRDA:1,195,0,0
BRDA:1,195,1,0
BRDA:1,196,0,0
BRDA:1,196,1,0
BRDA:1,197,0,0
BRDA:1,197,1,0
BRDA:1,198,0,0
BRDA:1,198,1,0
BRDA:1,199,0,0
BRDA:1,199,1,0
BRDA:1,200,0,0
BRDA:1,200,1,0
BRDA:1,200,2,0
BRDA:1,200,3,0
BRDA:1,200,4,0
BRDA:1,200,5,0
BRDA:1,201,0,0
BRDA:1,201,1,0
BRDA:1,201,2,0
BRDA:1,201,3,0
BRDA:1,201,4,0
BRDA:1,202,0,0
BRDA:1,202,1,0
BRDA:1,203,0,0
BRDA:1,203,1,0
BRDA:1,204,0,0
BRDA:1,204,1,0
BRDA:1,205,0,0
BRDA:1,205,1,0
BRDA:1,206,0,0
BRDA:1,206,1,0
BRDA:1,207,0,0
BRDA:1,207,1,0
BRDA:1,208,0,0
BRDA:1,208,1,0
BRDA:1,209,0,0
BRDA:1,209,1,0
BRDA:1,209,2,0
BRDA:1,210,0,0
BRDA:1,210,1,0
BRDA:1,211,0,0
BRDA:1,211,1,0
BRDA:1,211,2,0
BRDA:1,212,0,0
BRDA:1,212,1,0
BRDA:1,213,0,0
BRDA:1,213,1,0
BRDA:1,214,0,0
BRDA:1,214,1,0
BRDA:1,215,0,0
BRDA:1,215,1,0
BRDA:1,216,0,0
BRDA:1,216,1,0
BRDA:1,217,0,0
BRDA:1,217,1,0
BRDA:1,218,0,0
BRDA:1,218,1,0
BRDA:1,219,0,0
BRDA:1,219,1,0
BRDA:1,220,0,0
BRDA:1,220,1,0
BRDA:1,221,0,0
BRDA:1,221,1,0
BRDA:1,222,0,0
BRDA:1,222,1,0
BRDA:1,222,2,0
BRDA:1,222,3,0
BRDA:1,223,0,0
BRDA:1,223,1,0
BRDA:1,224,0,0
BRDA:1,224,1,0
BRDA:1,225,0,0
BRDA:1,225,1,0
BRDA:1,226,0,0
BRDA:1,226,1,0
BRDA:1,226,2,0
BRDA:1,227,0,0
BRDA:1,227,1,0
BRDA:1,228,0,0
BRDA:1,228,1,0
BRDA:1,228,2,0
BRDA:1,228,3,0
BRDA:1,229,0,0
BRDA:1,229,1,0
BRDA:1,229,2,0
BRDA:1,230,0,0
BRDA:1,230,1,0
BRDA:1,230,2,0
BRDA:1,230,3,0
BRDA:1,231,0,0
BRDA:1,231,1,0
BRDA:1,231,2,0
BRDA:1,231,3,0
BRDA:1,231,4,0
BRDA:1,231,5,0
BRDA:1,232,0,0
BRDA:1,232,1,0
BRDA:1,233,0,0
BRDA:1,233,1,0
BRDA:1,234,0,0
BRDA:1,234,1,0
BRDA:1,235,0,0
BRDA:1,235,1,0
BRDA:1,236,0,0
BRDA:1,236,1,0
BRDA:1,237,0,0
BRDA:1,237,1,0
BRDA:1,238,0,0
BRDA:1,238,1,0
BRDA:1,239,0,0
BRDA:1,239,1,0
BRDA:1,240,0,0
BRDA:1,240,1,0
BRDA:1,241,0,0
BRDA:1,241,1,0
BRDA:1,241,2,0
BRDA:1,241,3,0
BRDA:1,242,0,0
BRDA:1,242,1,0
BRDA:1,243,0,0
BRDA:1,243,1,0
BRDA:1,244,0,0
BRDA:1,244,1,0
BRDA:1,245,0,0
BRDA:1,245,1,0
BRDA:1,246,0,0
BRDA:1,246,1,0
BRDA:1,247,0,0
BRDA:1,247,1,0
BRDA:1,248,0,0
BRDA:1,248,1,0
BRDA:1,249,0,0
BRDA:1,249,1,0
BRDA:1,250,0,0
BRDA:1,250,1,0
BRDA:1,251,0,0
BRDA:1,251,1,0
BRDA:1,252,0,0
BRDA:1,252,1,0
BRDA:1,253,0,0
BRDA:1,253,1,0
BRDA:1,254,0,0
BRDA:1,254,1,0
BRDA:1,254,2,0
BRDA:1,254,3,0
BRDA:1,254,4,0
BRDA:1,254,5,0
BRDA:1,255,0,0
BRDA:1,255,1,0
BRDA:1,256,0,0
BRDA:1,256,1,0
BRDA:1,257,0,0
BRDA:1,257,1,0
BRDA:1,258,0,0
BRDA:1,258,1,0
BRDA:1,259,0,0
BRDA:1,259,1,0
BRDA:1,260,0,0
BRDA:1,260,1,0
BRDA:1,261,0,0
BRDA:1,261,1,0
BRDA:1,262,0,0
BRDA:1,262,1,0
BRDA:1,263,0,0
BRDA:1,263,1,0
BRDA:1,264,0,0
BRDA:1,264,1,0
BRDA:1,265,0,0
BRDA:1,265,1,0
BRDA:1,266,0,0
BRDA:1,266,1,0
BRDA:1,267,0,0
BRDA:1,267,1,0
BRDA:1,268,0,0
BRDA:1,268,1,0
BRDA:1,269,0,0
BRDA:1,269,1,0
BRDA:1,270,0,0
BRDA:1,270,1,0
BRDA:1,271,0,0
BRDA:1,271,1,0
BRDA:1,272,0,0
BRDA:1,272,1,0
BRDA:1,272,2,0
BRDA:1,272,3,0
BRDA:1,272,4,0
BRDA:1,273,0,0
BRDA:1,273,1,0
BRDA:1,274,0,0
BRDA:1,274,1,0
BRDA:1,275,0,0
BRDA:1,275,1,0
BRDA:1,276,0,0
BRDA:1,276,1,0
BRDA:1,277,0,0
BRDA:1,277,1,0
BRDA:1,278,0,0
BRDA:1,278,1,0
BRDA:1,279,0,0
BRDA:1,279,1,0
BRDA:1,280,0,0
BRDA:1,280,1,0
BRDA:1,281,0,0
BRDA:1,281,1,0
BRDA:1,282,0,0
BRDA:1,282,1,0
BRDA:1,283,0,0
BRDA:1,283,1,0
BRDA:1,284,0,0
BRDA:1,284,1,0
BRDA:1,285,0,0
BRDA:1,285,1,0
BRDA:1,286,0,0
BRDA:1,286,1,0
BRDA:1,287,0,0
BRDA:1,287,1,0
BRDA:1,288,0,0
BRDA:1,288,1,0
BRDA:1,289,0,0
BRDA:1,289,1,0
BRDA:1,290,0,0
BRDA:1,290,1,0
BRDA:1,291,0,0
BRDA:1,291,1,0
BRDA:1,292,0,0
BRDA:1,292,1,0
BRDA:1,293,0,0
BRDA:1,293,1,0
BRDA:1,294,0,0
BRDA:1,294,1,0
BRDA:1,295,0,0
BRDA:1,295,1,0
BRDA:1,296,0,0
BRDA:1,296,1,0
BRDA:1,297,0,0
BRDA:1,297,1,0
BRDA:1,298,0,0
BRDA:1,298,1,0
BRDA:1,299,0,0
BRDA:1,299,1,0
BRDA:1,300,0,0
BRDA:1,300,1,0
BRDA:1,301,0,0
BRDA:1,301,1,0
BRDA:1,302,0,0
BRDA:1,302,1,0
BRDA:1,303,0,0
BRDA:1,303,1,0
BRDA:1,304,0,0
BRDA:1,304,1,0
BRDA:1,305,0,0
BRDA:1,305,1,0
BRDA:1,306,0,0
BRDA:1,306,1,0
BRDA:1,307,0,0
BRDA:1,307,1,0
BRDA:1,308,0,0
BRDA:1,308,1,0
BRDA:1,309,0,0
BRDA:1,309,1,0
BRDA:1,310,0,0
BRDA:1,310,1,0
BRDA:1,311,0,0
BRDA:1,311,1,0
BRDA:1,312,0,0
BRDA:1,312,1,0
BRDA:1,313,0,0
BRDA:1,313,1,0
BRDA:1,313,2,0
BRDA:1,314,0,0
BRDA:1,314,1,0
BRDA:1,315,0,0
BRDA:1,315,1,0
BRDA:1,316,0,0
BRDA:1,316,1,0
BRDA:1,317,0,0
BRDA:1,317,1,0
BRDA:1,318,0,0
BRDA:1,318,1,0
BRDA:1,319,0,0
BRDA:1,319,1,0
BRDA:1,320,0,0
BRDA:1,320,1,0
BRDA:1,321,0,0
BRDA:1,321,1,0
BRDA:1,322,0,0
BRDA:1,322,1,0
BRDA:1,323,0,0
BRDA:1,323,1,0
BRDA:1,323,2,0
BRDA:1,324,0,0
BRDA:1,324,1,0
BRDA:1,324,2,0
BRDA:1,325,0,0
BRDA:1,325,1,0
BRDA:1,326,0,0
BRDA:1,326,1,0
BRDA:1,327,0,0
BRDA:1,327,1,0
BRDA:1,328,0,0
BRDA:1,328,1,0
BRDA:1,329,0,0
BRDA:1,329,1,0
BRDA:1,330,0,0
BRDA:1,330,1,0
BRDA:1,330,2,0
BRDA:1,331,0,0
BRDA:1,331,1,0
BRDA:1,332,0,0
BRDA:1,332,1,0
BRDA:1,333,0,0
BRDA:1,333,1,0
BRDA:1,334,0,0
BRDA:1,334,1,0
BRDA:1,335,0,0
BRDA:1,335,1,0
BRDA:1,336,0,0
BRDA:1,336,1,0
BRDA:1,337,0,0
BRDA:1,337,1,0
BRDA:1,338,0,0
BRDA:1,338,1,0
BRDA:1,339,0,0
BRDA:1,339,1,0
BRDA:1,340,0,0
BRDA:1,340,1,0
BRDA:1,341,0,0
BRDA:1,341,1,0
BRDA:1,342,0,0
BRDA:1,342,1,0
BRDA:1,343,0,0
BRDA:1,343,1,0
BRDA:1,344,0,0
BRDA:1,344,1,0
BRDA:1,344,2,0
BRDA:1,345,0,0
BRDA:1,345,1,0
BRDA:1,346,0,0
BRDA:1,346,1,0
BRDA:1,346,2,0
BRDA:1,347,0,0
BRDA:1,347,1,0
BRDA:1,348,0,0
BRDA:1,348,1,0
BRDA:1,349,0,0
BRDA:1,349,1,0
BRDA:1,350,0,0
BRDA:1,350,1,0
BRDA:1,351,0,0
BRDA:1,351,1,0
BRDA:1,351,2,0
BRDA:1,352,0,0
BRDA:1,352,1,0
BRDA:1,353,0,0
BRDA:1,353,1,0
BRDA:1,354,0,0
BRDA:1,354,1,0
BRDA:1,355,0,0
BRDA:1,355,1,0
BRDA:1,356,0,0
BRDA:1,356,1,0
BRDA:1,357,0,0
BRDA:1,357,1,0
BRDA:1,358,0,0
BRDA:1,358,1,0
BRDA:1,359,0,0
BRDA:1,359,1,0
BRDA:1,360,0,0
BRDA:1,360,1,0
BRDA:1,361,0,0
BRDA:1,361,1,0
BRDA:1,362,0,0
BRDA:1,362,1,0
BRDA:1,363,0,0
BRDA:1,363,1,0
BRDA:1,364,0,0
BRDA:1,364,1,0
BRDA:1,365,0,0
BRDA:1,365,1,0
BRDA:1,365,2,0
BRDA:1,365,3,0
BRDA:1,366,0,0
BRDA:1,366,1,0
BRDA:1,366,2,0
BRDA:1,367,0,0
BRDA:1,367,1,0
BRDA:1,368,0,0
BRDA:1,368,1,0
BRDA:1,369,0,0
BRDA:1,369,1,0
BRDA:1,370,0,0
BRDA:1,370,1,0
BRDA:1,371,0,0
BRDA:1,371,1,0
BRDA:1,372,0,0
BRDA:1,372,1,0
BRDA:1,373,0,0
BRDA:1,373,1,0
BRDA:1,374,0,0
BRDA:1,374,1,0
BRDA:1,375,0,0
BRDA:1,375,1,0
BRDA:1,376,0,0
BRDA:1,376,1,0
BRDA:1,377,0,0
BRDA:1,377,1,0
BRDA:1,378,0,0
BRDA:1,378,1,0
BRDA:1,379,0,0
BRDA:1,379,1,0
BRDA:1,379,2,0
BRDA:1,379,3,0
BRDA:1,379,4,0
BRDA:1,380,0,0
BRDA:1,380,1,0
BRDA:1,381,0,0
BRDA:1,381,1,0
BRDA:1,382,0,0
BRDA:1,382,1,0
BRDA:1,383,0,0
BRDA:1,383,1,0
BRDA:1,384,0,0
BRDA:1,384,1,0
BRDA:1,385,0,0
BRDA:1,385,1,0
BRDA:1,386,0,0
BRDA:1,386,1,0
BRDA:1,387,0,0
BRDA:1,387,1,0
BRDA:1,388,0,0
BRDA:1,388,1,0
BRDA:1,389,0,0
BRDA:1,389,1,0
BRDA:1,390,0,0
BRDA:1,390,1,0
BRDA:1,391,0,0
BRDA:1,391,1,0
BRDA:1,392,0,0
BRDA:1,392,1,0
BRDA:1,393,0,0
BRDA:1,393,1,0
BRDA:1,394,0,0
BRDA:1,394,1,0
BRDA:1,395,0,0
BRDA:1,395,1,0
BRDA:1,396,0,0
BRDA:1,396,1,0
BRDA:1,397,0,0
BRDA:1,397,1,0
BRDA:1,398,0,0
BRDA:1,398,1,0
BRDA:1,399,0,0
BRDA:1,399,1,0
BRDA:1,400,0,0
BRDA:1,400,1,0
BRDA:1,400,2,0
BRDA:1,401,0,0
BRDA:1,401,1,0
BRDA:1,402,0,0
BRDA:1,402,1,0
BRDA:1,403,0,0
BRDA:1,403,1,0
BRDA:1,404,0,0
BRDA:1,404,1,0
BRDA:1,405,0,0
BRDA:1,405,1,0
BRDA:1,406,0,0
BRDA:1,406,1,0
BRDA:1,407,0,0
BRDA:1,407,1,0
BRDA:1,407,2,0
BRDA:1,408,0,0
BRDA:1,408,1,0
BRDA:1,409,0,0
BRDA:1,409,1,0
BRDA:1,410,0,0
BRDA:1,410,1,0
BRDA:1,411,0,0
BRDA:1,411,1,0
BRDA:1,412,0,0
BRDA:1,412,1,0
BRDA:1,413,0,0
BRDA:1,413,1,0
BRDA:1,414,0,0
BRDA:1,414,1,0
BRDA:1,415,0,0
BRDA:1,415,1,0
BRDA:1,416,0,0
BRDA:1,416,1,0
BRDA:1,417,0,0
BRDA:1,417,1,0
BRDA:1,417,2,0
BRDA:1,418,0,0
BRDA:1,418,1,0
BRDA:1,419,0,0
BRDA:1,419,1,0
BRDA:1,420,0,0
BRDA:1,420,1,0
BRDA:1,421,0,0
BRDA:1,421,1,0
BRDA:1,421,2,0
BRDA:1,422,0,0
BRDA:1,422,1,0
BRDA:1,423,0,0
BRDA:1,423,1,0
BRDA:1,423,2,0
BRDA:1,424,0,0
BRDA:1,424,1,0
BRDA:1,425,0,0
BRDA:1,425,1,0
BRDA:1,426,0,0
BRDA:1,426,1,0
BRDA:1,427,0,0
BRDA:1,427,1,0
BRDA:1,428,0,0
BRDA:1,428,1,0
BRDA:1,429,0,0
BRDA:1,429,1,0
BRDA:1,430,0,0
BRDA:1,430,1,0
BRDA:1,431,0,0
BRDA:1,431,1,0
BRDA:1,432,0,0
BRDA:1,432,1,0
BRDA:1,433,0,0
BRDA:1,433,1,0
BRDA:1,433,2,0
BRDA:1,434,0,0
BRDA:1,434,1,0
BRDA:1,435,0,0
BRDA:1,435,1,0
BRDA:1,436,0,0
BRDA:1,436,1,0
BRDA:1,437,0,0
BRDA:1,437,1,0
BRDA:1,438,0,0
BRDA:1,438,1,0
BRDA:1,439,0,0
BRDA:1,439,1,0
BRDA:1,440,0,0
BRDA:1,440,1,0
BRDA:1,441,0,0
BRDA:1,441,1,0
BRDA:1,442,0,0
BRDA:1,442,1,0
BRDA:1,443,0,0
BRDA:1,443,1,0
BRDA:1,444,0,0
BRDA:1,444,1,0
BRDA:1,445,0,0
BRDA:1,445,1,0
BRDA:1,446,0,0
BRDA:1,446,1,0
BRDA:1,447,0,0
BRDA:1,447,1,0
BRDA:1,448,0,0
BRDA:1,448,1,0
BRDA:1,449,0,0
BRDA:1,449,1,0
BRDA:1,449,2,0
BRDA:1,449,3,0
BRDA:1,449,4,0
BRDA:1,450,0,0
BRDA:1,450,1,0
BRDA:1,451,0,0
BRDA:1,451,1,0
BRDA:1,452,0,0
BRDA:1,452,1,0
BRDA:1,453,0,0
BRDA:1,453,1,0
BRDA:1,453,2,0
BRDA:1,453,3,0
BRDA:1,453,4,0
BRDA:1,453,5,0
BRDA:1,453,6,0
BRDA:1,453,7,0
BRDA:1,454,0,0
BRDA:1,454,1,0
BRDA:1,454,2,0
BRDA:1,455,0,0
BRDA:1,455,1,0
BRDA:1,456,0,0
BRDA:1,456,1,0
BRDA:1,457,0,0
BRDA:1,457,1,0
BRDA:1,458,0,0
BRDA:1,458,1,0
BRDA:1,459,0,0
BRDA:1,459,1,0
BRDA:1,460,0,0
BRDA:1,460,1,0
BRDA:1,461,0,0
BRDA:1,461,1,0
BRDA:1,462,0,0
BRDA:1,462,1,0
BRDA:1,463,0,0
BRDA:1,463,1,0
BRDA:1,464,0,0
BRDA:1,464,1,0
BRDA:1,465,0,0
BRDA:1,465,1,0
BRDA:1,466,0,0
BRDA:1,466,1,0
BRDA:1,467,0,0
BRDA:1,467,1,0
BRDA:1,468,0,0
BRDA:1,468,1,0
BRDA:1,468,2,0
BRDA:1,469,0,0
BRDA:1,469,1,0
BRDA:1,470,0,0
BRDA:1,470,1,0
BRDA:1,471,0,0
BRDA:1,471,1,0
BRDA:1,472,0,0
BRDA:1,472,1,0
BRDA:1,473,0,0
BRDA:1,473,1,0
BRDA:1,474,0,0
BRDA:1,474,1,0
BRDA:1,474,2,0
BRDA:1,474,3,0
BRDA:1,475,0,0
BRDA:1,475,1,0
BRDA:1,476,0,0
BRDA:1,476,1,0
BRDA:1,477,0,0
BRDA:1,477,1,0
BRDA:1,477,2,0
BRDA:1,478,0,0
BRDA:1,478,1,0
BRDA:1,479,0,0
BRDA:1,479,1,0
BRDA:1,480,0,0
BRDA:1,480,1,0
BRDA:1,481,0,0
BRDA:1,481,1,0
BRDA:1,482,0,0
BRDA:1,482,1,0
BRDA:1,483,0,0
BRDA:1,483,1,0
BRDA:1,484,0,0
BRDA:1,484,1,0
BRDA:1,484,2,0
BRDA:1,485,0,0
BRDA:1,485,1,0
BRDA:1,486,0,0
BRDA:1,486,1,0
BRDA:1,487,0,0
BRDA:1,487,1,0
BRDA:1,488,0,0
BRDA:1,488,1,0
BRDA:1,488,2,0
BRDA:1,489,0,0
BRDA:1,489,1,0
BRDA:1,490,0,0
BRDA:1,490,1,0
BRDA:1,491,0,0
BRDA:1,491,1,0
BRDA:1,491,2,0
BRDA:1,492,0,0
BRDA:1,492,1,0
BRDA:1,493,0,0
BRDA:1,493,1,0
BRDA:1,494,0,0
BRDA:1,494,1,0
BRDA:1,495,0,0
BRDA:1,495,1,0
BRDA:1,496,0,0
BRDA:1,496,1,0
BRDA:1,497,0,0
BRDA:1,497,1,0
BRDA:1,497,2,0
BRDA:1,498,0,0
BRDA:1,498,1,0
BRDA:1,499,0,0
BRDA:1,499,1,0
BRDA:1,500,0,0
BRDA:1,500,1,0
BRDA:1,501,0,0
BRDA:1,501,1,0
BRDA:1,502,0,0
BRDA:1,502,1,0
BRDA:1,503,0,0
BRDA:1,503,1,0
BRDA:1,504,0,0
BRDA:1,504,1,0
BRDA:1,505,0,0
BRDA:1,505,1,0
BRDA:1,506,0,0
BRDA:1,506,1,0
BRDA:1,507,0,0
BRDA:1,507,1,0
BRDA:1,508,0,0
BRDA:1,508,1,0
BRDA:1,509,0,0
BRDA:1,509,1,0
BRDA:1,509,2,0
BRDA:1,510,0,0
BRDA:1,510,1,0
BRDA:1,511,0,0
BRDA:1,511,1,0
BRDA:1,512,0,0
BRDA:1,512,1,0
BRDA:1,512,2,0
BRDA:1,513,0,0
BRDA:1,513,1,0
BRDA:1,514,0,0
BRDA:1,514,1,0
BRDA:1,515,0,0
BRDA:1,515,1,0
BRDA:1,516,0,0
BRDA:1,516,1,0
BRDA:1,517,0,0
BRDA:1,517,1,0
BRDA:1,518,0,0
BRDA:1,518,1,0
BRDA:1,519,0,0
BRDA:1,519,1,0
BRDA:1,520,0,0
BRDA:1,520,1,0
BRDA:1,521,0,0
BRDA:1,521,1,0
BRDA:1,522,0,0
BRDA:1,522,1,0
BRDA:1,523,0,0
BRDA:1,523,1,0
BRDA:1,524,0,0
BRDA:1,524,1,0
BRDA:1,525,0,0
BRDA:1,525,1,0
BRDA:1,525,2,0
BRDA:1,526,0,0
BRDA:1,526,1,0
BRDA:1,527,0,0
BRDA:1,527,1,0
BRDA:1,527,2,0
BRDA:1,528,0,0
BRDA:1,528,1,0
BRDA:1,529,0,0
BRDA:1,529,1,0
BRDA:1,530,0,0
BRDA:1,530,1,0
BRDA:1,530,2,0
BRDA:1,531,0,0
BRDA:1,531,1,0
BRDA:1,532,0,0
BRDA:1,532,1,0
BRDA:1,533,0,0
BRDA:1,533,1,0
BRDA:1,534,0,0
BRDA:1,534,1,0
BRDA:1,535,0,0
BRDA:1,535,1,0
BRDA:1,536,0,0
BRDA:1,536,1,0
BRDA:1,537,0,0
BRDA:1,537,1,0
BRDA:1,538,0,0
BRDA:1,538,1,0
BRDA:1,539,0,0
BRDA:1,539,1,0
BRDA:1,540,0,0
BRDA:1,540,1,0
BRDA:1,540,2,0
BRDA:1,541,0,0
BRDA:1,541,1,0
BRDA:1,542,0,0
BRDA:1,542,1,0
BRDA:1,543,0,0
BRDA:1,543,1,0
BRDA:1,544,0,0
BRDA:1,544,1,0
BRDA:1,545,0,0
BRDA:1,545,1,0
BRDA:1,546,0,0
BRDA:1,546,1,0
BRDA:1,547,0,0
BRDA:1,547,1,0
BRDA:1,548,0,0
BRDA:1,548,1,0
BRDA:1,549,0,0
BRDA:1,549,1,0
BRDA:1,550,0,0
BRDA:1,550,1,0
BRDA:1,551,0,0
BRDA:1,551,1,0
BRDA:1,552,0,0
BRDA:1,552,1,0
BRDA:1,553,0,0
BRDA:1,553,1,0
BRDA:1,554,0,0
BRDA:1,554,1,0
BRDA:1,555,0,0
BRDA:1,555,1,0
BRDA:1,556,0,0
BRDA:1,556,1,0
BRDA:1,557,0,0
BRDA:1,557,1,0
BRDA:1,558,0,0
BRDA:1,558,1,0
BRDA:1,559,0,0
BRDA:1,559,1,0
BRDA:1,560,0,0
BRDA:1,560,1,0
BRDA:1,561,0,0
BRDA:1,561,1,0
BRDA:1,562,0,0
BRDA:1,562,1,0
BRDA:1,563,0,0
BRDA:1,563,1,0
BRDA:1,564,0,0
BRDA:1,564,1,0
BRDA:1,565,0,0
BRDA:1,565,1,0
BRDA:1,566,0,0
BRDA:1,566,1,0
BRDA:1,566,2,0
BRDA:1,567,0,0
BRDA:1,567,1,0
BRDA:1,568,0,0
BRDA:1,568,1,0
BRDA:1,569,0,0
BRDA:1,569,1,0
BRDA:1,570,0,0
BRDA:1,570,1,0
BRDA:1,571,0,0
BRDA:1,571,1,0
BRDA:1,572,0,0
BRDA:1,572,1,0
BRDA:1,573,0,0
BRDA:1,573,1,0
BRDA:1,574,0,0
BRDA:1,574,1,0
BRDA:1,575,0,0
BRDA:1,575,1,0
BRDA:1,576,0,0
BRDA:1,576,1,0
BRDA:1,577,0,0
BRDA:1,577,1,0
BRDA:1,578,0,0
BRDA:1,578,1,0
BRDA:1,579,0,0
BRDA:1,579,1,0
BRDA:1,579,2,0
BRDA:1,580,0,0
BRDA:1,580,1,0
BRDA:1,581,0,0
BRDA:1,581,1,0
BRDA:1,582,0,0
BRDA:1,582,1,0
BRDA:1,583,0,0
BRDA:1,583,1,0
BRDA:1,583,2,0
BRDA:1,584,0,0
BRDA:1,584,1,0
BRDA:1,585,0,0
BRDA:1,585,1,0
BRDA:1,586,0,0
BRDA:1,586,1,0
BRDA:1,587,0,0
BRDA:1,587,1,0
BRDA:1,588,0,0
BRDA:1,588,1,0
BRDA:1,589,0,0
BRDA:1,589,1,0
BRDA:1,590,0,0
BRDA:1,590,1,0
BRDA:1,591,0,0
BRDA:1,591,1,0
BRDA:1,592,0,0
BRDA:1,592,1,0
BRDA:1,593,0,0
BRDA:1,593,1,0
BRDA:1,594,0,0
BRDA:1,594,1,0
BRDA:1,595,0,0
BRDA:1,595,1,0
BRDA:1,596,0,0
BRDA:1,596,1,0
BRDA:1,597,0,0
BRDA:1,597,1,0
BRDA:1,598,0,0
BRDA:1,598,1,0
BRDA:1,599,0,0
BRDA:1,599,1,0
BRDA:1,600,0,0
BRDA:1,600,1,0
BRDA:1,601,0,0
BRDA:1,601,1,0
BRDA:1,602,0,0
BRDA:1,602,1,0
BRDA:1,603,0,0
BRDA:1,603,1,0
BRDA:1,604,0,0
BRDA:1,604,1,0
BRDA:1,605,0,0
BRDA:1,605,1,0
BRDA:1,606,0,0
BRDA:1,606,1,0
BRDA:1,607,0,0
BRDA:1,607,1,0
BRDA:1,608,0,0
BRDA:1,608,1,0
BRDA:1,609,0,0
BRDA:1,609,1,0
BRDA:1,609,2,0
BRDA:1,609,3,0
BRDA:1,609,4,0
BRDA:1,610,0,0
BRDA:1,610,1,0
BRDA:1,611,0,0
BRDA:1,611,1,0
BRDA:1,612,0,0
BRDA:1,612,1,0
BRDA:1,613,0,0
BRDA:1,613,1,0
BRDA:1,613,2,0
BRDA:1,614,0,0
BRDA:1,614,1,0
BRDA:1,615,0,0
BRDA:1,615,1,0
BRDA:1,616,0,0
BRDA:1,616,1,0
BRDA:1,617,0,0
BRDA:1,617,1,0
BRDA:1,618,0,0
BRDA:1,618,1,0
BRDA:1,618,2,0
BRDA:1,619,0,0
BRDA:1,619,1,0
BRDA:1,620,0,0
BRDA:1,620,1,0
BRDA:1,621,0,0
BRDA:1,621,1,0
BRDA:1,622,0,0
BRDA:1,622,1,0
BRDA:1,622,2,0
BRDA:1,623,0,0
BRDA:1,623,1,0
BRDA:1,624,0,0
BRDA:1,624,1,0
BRDA:1,625,0,0
BRDA:1,625,1,0
BRDA:1,626,0,0
BRDA:1,626,1,0
BRDA:1,626,2,0
BRDA:1,626,3,0
BRDA:1,626,4,0
BRDA:1,626,5,0
BRDA:1,627,0,0
BRDA:1,627,1,0
BRDA:1,628,0,0
BRDA:1,628,1,0
BRDA:1,629,0,0
BRDA:1,629,1,0
BRDA:1,630,0,0
BRDA:1,630,1,0
BRDA:1,631,0,0
BRDA:1,631,1,0
BRDA:1,632,0,0
BRDA:1,632,1,0
BRDA:1,633,0,0
BRDA:1,633,1,0
BRDA:1,634,0,0
BRDA:1,634,1,0
BRDA:1,635,0,0
BRDA:1,635,1,0
BRDA:1,636,0,0
BRDA:1,636,1,0
BRDA:1,637,0,0
BRDA:1,637,1,0
BRDA:1,638,0,0
BRDA:1,638,1,0
BRDA:1,639,0,0
BRDA:1,639,1,0
BRDA:1,640,0,0
BRDA:1,640,1,0
BRDA:1,641,0,0
BRDA:1,641,1,0
BRDA:1,642,0,0
BRDA:1,642,1,0
BRDA:1,642,2,0
BRDA:1,643,0,0
BRDA:1,643,1,0
BRDA:1,643,2,0
BRDA:1,644,0,0
BRDA:1,644,1,0
BRDA:1,644,2,0
BRDA:1,645,0,0
BRDA:1,645,1,0
BRDA:1,646,0,0
BRDA:1,646,1,0
BRDA:1,647,0,0
BRDA:1,647,1,0
BRDA:1,648,0,0
BRDA:1,648,1,0
BRDA:1,649,0,0
BRDA:1,649,1,0
BRDA:1,650,0,0
BRDA:1,650,1,0
BRDA:1,650,2,0
BRDA:1,651,0,0
BRDA:1,651,1,0
BRDA:1,652,0,0
BRDA:1,652,1,0
BRDA:1,652,2,0
BRDA:1,653,0,0
BRDA:1,653,1,0
BRDA:1,654,0,0
BRDA:1,654,1,0
BRDA:1,655,0,0
BRDA:1,655,1,0
BRDA:1,656,0,0
BRDA:1,656,1,0
BRDA:1,656,2,0
BRDA:1,657,0,0
BRDA:1,657,1,0
BRDA:1,658,0,0
BRDA:1,658,1,0
BRDA:1,659,0,0
BRDA:1,659,1,0
BRDA:1,660,0,0
BRDA:1,660,1,0
BRDA:1,661,0,0
BRDA:1,661,1,0
BRDA:1,661,2,0
BRDA:1,662,0,0
BRDA:1,662,1,0
BRDA:1,663,0,0
BRDA:1,663,1,0
BRDA:1,664,0,0
BRDA:1,664,1,0
BRDA:1,665,0,0
BRDA:1,665,1,0
BRDA:1,666,0,0
BRDA:1,666,1,0
BRDA:1,667,0,0
BRDA:1,667,1,0
BRDA:1,668,0,0
BRDA:1,668,1,0
BRDA:1,669,0,0
BRDA:1,669,1,0
BRDA:1,670,0,0
BRDA:1,670,1,0
BRDA:1,671,0,0
BRDA:1,671,1,0
BRDA:1,672,0,0
BRDA:1,672,1,0
BRDA:1,673,0,0
BRDA:1,673,1,0
BRDA:1,674,0,0
BRDA:1,674,1,0
BRDA:1,675,0,0
BRDA:1,675,1,0
BRDA:1,676,0,0
BRDA:1,676,1,0
BRDA:1,677,0,0
BRDA:1,677,1,0
BRDA:1,678,0,0
BRDA:1,678,1,0
BRDA:1,679,0,0
BRDA:1,679,1,0
BRDA:1,680,0,0
BRDA:1,680,1,0
BRDA:1,681,0,0
BRDA:1,681,1,0
BRDA:1,682,0,0
BRDA:1,682,1,0
BRDA:1,683,0,0
BRDA:1,683,1,0
BRDA:1,684,0,0
BRDA:1,684,1,0
BRDA:1,685,0,0
BRDA:1,685,1,0
BRDA:1,686,0,0
BRDA:1,686,1,0
BRDA:1,687,0,0
BRDA:1,687,1,0
BRDA:1,688,0,0
BRDA:1,688,1,0
BRDA:1,689,0,0
BRDA:1,689,1,0
BRDA:1,690,0,0
BRDA:1,690,1,0
BRDA:1,691,0,0
BRDA:1,691,1,0
BRDA:1,692,0,0
BRDA:1,692,1,0
BRDA:1,693,0,0
BRDA:1,693,1,0
BRDA:1,694,0,0
BRDA:1,694,1,0
BRDA:1,695,0,0
BRDA:1,695,1,0
BRDA:1,696,0,0
BRDA:1,696,1,0
BRDA:1,697,0,0
BRDA:1,697,1,0
BRDA:1,698,0,0
BRDA:1,698,1,0
BRDA:1,699,0,0
BRDA:1,699,1,0
BRDA:1,700,0,0
BRDA:1,700,1,0
BRDA:1,701,0,0
BRDA:1,701,1,0
BRDA:1,701,2,0
BRDA:1,701,3,0
BRDA:1,701,4,0
BRDA:1,702,0,0
BRDA:1,702,1,0
BRDA:1,703,0,0
BRDA:1,703,1,0
BRDA:1,704,0,0
BRDA:1,704,1,0
BRDA:1,705,0,0
BRDA:1,705,1,0
BRDA:1,706,0,0
BRDA:1,706,1,0
BRDA:1,707,0,0
BRDA:1,707,1,0
BRDA:1,708,0,0
BRDA:1,708,1,0
BRDA:1,709,0,0
BRDA:1,709,1,0
BRDA:1,710,0,0
BRDA:1,710,1,0
BRDA:1,711,0,0
BRDA:1,711,1,0
BRDA:1,712,0,0
BRDA:1,712,1,0
BRDA:1,713,0,0
BRDA:1,713,1,0
BRDA:1,714,0,0
BRDA:1,714,1,0
BRDA:1,715,0,0
BRDA:1,715,1,0
BRDA:1,716,0,0
BRDA:1,716,1,0
BRDA:1,717,0,0
BRDA:1,717,1,0
BRDA:1,718,0,0
BRDA:1,718,1,0
BRDA:1,719,0,0
BRDA:1,719,1,0
BRDA:1,720,0,0
BRDA:1,720,1,0
BRDA:1,720,2,0
BRDA:1,721,0,0
BRDA:1,721,1,0
BRDA:1,722,0,0
BRDA:1,722,1,0
BRDA:1,723,0,0
BRDA:1,723,1,0
BRDA:1,724,0,0
BRDA:1,724,1,0
BRDA:1,724,2,0
BRDA:1,725,0,0
BRDA:1,725,1,0
BRDA:1,725,2,0
BRDA:1,726,0,0
BRDA:1,726,1,0
BRDA:1,727,0,0
BRDA:1,727,1,0
BRDA:1,727,2,0
BRDA:1,727,3,0
BRDA:1,728,0,0
BRDA:1,728,1,0
BRDA:1,729,0,0
BRDA:1,729,1,0
BRDA:1,730,0,0
BRDA:1,730,1,0
BRDA:1,731,0,0
BRDA:1,731,1,0
BRDA:1,732,0,0
BRDA:1,732,1,0
BRDA:1,733,0,0
BRDA:1,733,1,0
BRDA:1,734,0,0
BRDA:1,734,1,0
BRDA:1,735,0,0
BRDA:1,735,1,0
BRDA:1,735,2,0
BRDA:1,736,0,0
BRDA:1,736,1,0
BRDA:1,737,0,0
BRDA:1,737,1,0
BRDA:1,738,0,0
BRDA:1,738,1,0
BRDA:1,739,0,0
BRDA:1,739,1,0
BRDA:1,740,0,0
BRDA:1,740,1,0
BRDA:1,741,0,0
BRDA:1,741,1,0
BRDA:1,742,0,0
BRDA:1,742,1,0
BRDA:1,743,0,0
BRDA:1,743,1,0
BRDA:1,743,2,0
BRDA:1,743,3,0
BRDA:1,743,4,0
BRDA:1,743,5,0
BRDA:1,744,0,0
BRDA:1,744,1,0
BRDA:1,745,0,0
BRDA:1,745,1,0
BRDA:1,746,0,0
BRDA:1,746,1,0
BRDA:1,747,0,0
BRDA:1,747,1,0
BRDA:1,748,0,0
BRDA:1,748,1,0
BRDA:1,749,0,0
BRDA:1,749,1,0
BRDA:1,750,0,0
BRDA:1,750,1,0
BRDA:1,751,0,0
BRDA:1,751,1,0
BRDA:1,752,0,0
BRDA:1,752,1,0
BRDA:1,753,0,0
BRDA:1,753,1,0
BRDA:1,754,0,0
BRDA:1,754,1,0
BRDA:1,754,2,0
BRDA:1,755,0,0
BRDA:1,755,1,0
BRDA:1,756,0,0
BRDA:1,756,1,0
BRDA:1,756,2,0
BRDA:1,757,0,0
BRDA:1,757,1,0
BRDA:1,758,0,0
BRDA:1,758,1,0
BRDA:1,759,0,0
BRDA:1,759,1,0
BRDA:1,759,2,0
BRDA:1,760,0,0
BRDA:1,760,1,0
BRDA:1,761,0,0
BRDA:1,761,1,0
BRDA:1,762,0,0
BRDA:1,762,1,0
BRDA:1,763,0,0
BRDA:1,763,1,0
BRDA:1,764,0,0
BRDA:1,764,1,0
BRDA:1,765,0,0
BRDA:1,765,1,0
BRDA:1,766,0,0
BRDA:1,766,1,0
BRDA:1,767,0,0
BRDA:1,767,1,0
BRDA:1,768,0,0
BRDA:1,768,1,0
BRDA:1,769,0,0
BRDA:1,769,1,0
BRDA:1,770,0,0
BRDA:1,770,1,0
BRDA:1,771,0,0
BRDA:1,771,1,0
BRDA:1,772,0,0
BRDA:1,772,1,0
BRDA:1,773,0,0
BRDA:1,773,1,0
BRDA:1,774,0,0
BRDA:1,774,1,0
BRDA:1,775,0,0
BRDA:1,775,1,0
BRDA:1,776,0,0
BRDA:1,776,1,0
BRDA:1,777,0,0
BRDA:1,777,1,0
BRDA:1,778,0,0
BRDA:1,778,1,0
BRDA:1,779,0,0
BRDA:1,779,1,0
BRDA:1,780,0,0
BRDA:1,780,1,0
BRDA:1,781,0,0
BRDA:1,781,1,0
BRDA:1,782,0,0
BRDA:1,782,1,0
BRDA:1,783,0,0
BRDA:1,783,1,0
BRDA:1,784,0,0
BRDA:1,784,1,0
BRDA:1,785,0,0
BRDA:1,785,1,0
BRDA:1,785,2,0
BRDA:1,786,0,0
BRDA:1,786,1,0
BRDA:1,787,0,0
BRDA:1,787,1,0
BRDA:1,788,0,0
BRDA:1,788,1,0
BRDA:1,789,0,0
BRDA:1,789,1,0
BRDA:1,789,2,0
BRDA:1,790,0,0
BRDA:1,790,1,0
BRDA:1,791,0,0
BRDA:1,791,1,0
BRDA:1,792,0,0
BRDA:1,792,1,0
BRDA:1,793,0,0
BRDA:1,793,1,0
BRDA:1,794,0,0
BRDA:1,794,1,0
BRDA:1,795,0,0
BRDA:1,795,1,0
BRDA:1,796,0,0
BRDA:1,796,1,0
BRDA:1,796,2,0
BRDA:1,797,0,0
BRDA:1,797,1,0
BRDA:1,798,0,0
BRDA:1,798,1,0
BRDA:1,798,2,0
BRDA:1,799,0,0
BRDA:1,799,1,0
BRDA:1,799,2,0
BRDA:1,800,0,0
BRDA:1,800,1,0
BRDA:1,800,2,0
BRDA:1,800,3,0
BRDA:1,800,4,0
BRDA:1,801,0,0
BRDA:1,801,1,0
BRDA:1,802,0,0
BRDA:1,802,1,0
BRDA:1,802,2,0
BRDA:1,803,0,0
BRDA:1,803,1,0
BRDA:1,803,2,0
BRDA:1,803,3,0
BRDA:1,803,4,0
BRDA:1,804,0,0
BRDA:1,804,1,0
BRDA:1,804,2,0
BRDA:1,804,3,0
BRDA:1,805,0,0
BRDA:1,805,1,0
BRDA:1,805,2,0
BRDA:1,805,3,0
BRDA:1,806,0,0
BRDA:1,806,1,0
BRDA:1,807,0,0
BRDA:1,807,1,0
BRDA:1,808,0,0
BRDA:1,808,1,0
BRDA:1,809,0,0
BRDA:1,809,1,0
BRDA:1,809,2,0
BRDA:1,810,0,0
BRDA:1,810,1,0
BRDA:1,811,0,0
BRDA:1,811,1,0
BRDA:1,811,2,0
BRDA:1,812,0,0
BRDA:1,812,1,0
BRDA:1,812,2,0
BRDA:1,813,0,0
BRDA:1,813,1,0
BRDA:1,814,0,0
BRDA:1,814,1,0
BRDA:1,815,0,0
BRDA:1,815,1,0
BRDA:1,816,0,0
BRDA:1,816,1,0
BRDA:1,817,0,0
BRDA:1,817,1,0
BRDA:1,818,0,0
BRDA:1,818,1,0
BRDA:1,818,2,0
BRDA:1,819,0,0
BRDA:1,819,1,0
BRDA:1,820,0,0
BRDA:1,820,1,0
BRDA:1,821,0,0
BRDA:1,821,1,0
BRDA:1,822,0,0
BRDA:1,822,1,0
BRDA:1,822,2,0
BRDA:1,823,0,0
BRDA:1,823,1,0
BRDA:1,824,0,0
BRDA:1,824,1,0
BRDA:1,825,0,0
BRDA:1,825,1,0
BRDA:1,826,0,0
BRDA:1,826,1,0
BRDA:1,827,0,0
BRDA:1,827,1,0
BRDA:1,827,2,0
BRDA:1,827,3,0
BRDA:1,828,0,0
BRDA:1,828,1,0
BRDA:1,829,0,0
BRDA:1,829,1,0
BRDA:1,830,0,0
BRDA:1,830,1,0
BRDA:1,831,0,0
BRDA:1,831,1,0
BRDA:1,832,0,0
BRDA:1,832,1,0
BRDA:1,833,0,0
BRDA:1,833,1,0
BRDA:1,834,0,0
BRDA:1,834,1,0
BRDA:1,835,0,0
BRDA:1,835,1,0
BRDA:1,836,0,0
BRDA:1,836,1,0
BRDA:1,837,0,0
BRDA:1,837,1,0
BRDA:1,838,0,0
BRDA:1,838,1,0
BRDA:1,839,0,0
BRDA:1,839,1,0
BRDA:1,840,0,0
BRDA:1,840,1,0
BRDA:1,841,0,0
BRDA:1,841,1,0
BRDA:1,842,0,0
BRDA:1,842,1,0
BRDA:1,843,0,0
BRDA:1,843,1,0
BRDA:1,844,0,0
BRDA:1,844,1,0
BRDA:1,845,0,0
BRDA:1,845,1,0
BRDA:1,846,0,0
BRDA:1,846,1,0
BRDA:1,847,0,0
BRDA:1,847,1,0
BRDA:1,848,0,0
BRDA:1,848,1,0
BRDA:1,849,0,0
BRDA:1,849,1,0
BRDA:1,850,0,0
BRDA:1,850,1,0
BRDA:1,851,0,0
BRDA:1,851,1,0
BRDA:1,852,0,0
BRDA:1,852,1,0
BRDA:1,853,0,0
BRDA:1,853,1,0
BRDA:1,854,0,0
BRDA:1,854,1,0
BRDA:1,855,0,0
BRDA:1,855,1,0
BRDA:1,856,0,0
BRDA:1,856,1,0
BRDA:1,857,0,0
BRDA:1,857,1,0
BRDA:1,858,0,0
BRDA:1,858,1,0
BRDA:1,859,0,0
BRDA:1,859,1,0
BRDA:1,860,0,0
BRDA:1,860,1,0
BRDA:1,861,0,0
BRDA:1,861,1,0
BRDA:1,862,0,0
BRDA:1,862,1,0
BRDA:1,863,0,0
BRDA:1,863,1,0
BRDA:1,864,0,0
BRDA:1,864,1,0
BRDA:1,865,0,0
BRDA:1,865,1,0
BRDA:1,866,0,0
BRDA:1,866,1,0
BRDA:1,867,0,0
BRDA:1,867,1,0
BRDA:1,868,0,0
BRDA:1,868,1,0
BRDA:1,869,0,0
BRDA:1,869,1,0
BRDA:1,870,0,0
BRDA:1,870,1,0
BRDA:1,871,0,0
BRDA:1,871,1,0
BRDA:1,872,0,0
BRDA:1,872,1,0
BRDA:1,873,0,0
BRDA:1,873,1,0
BRDA:1,874,0,0
BRDA:1,874,1,0
BRDA:1,875,0,0
BRDA:1,875,1,0
BRDA:1,876,0,0
BRDA:1,876,1,0
BRDA:1,877,0,0
BRDA:1,877,1,0
BRDA:1,878,0,0
BRDA:1,878,1,0
BRDA:1,879,0,0
BRDA:1,879,1,0
BRDA:1,880,0,0
BRDA:1,880,1,0
BRDA:1,881,0,0
BRDA:1,881,1,0
BRDA:1,882,0,0
BRDA:1,882,1,0
BRDA:1,883,0,0
BRDA:1,883,1,0
BRDA:1,884,0,0
BRDA:1,884,1,0
BRDA:1,885,0,0
BRDA:1,885,1,0
BRDA:1,886,0,0
BRDA:1,886,1,0
BRDA:1,887,0,0
BRDA:1,887,1,0
BRDA:1,888,0,0
BRDA:1,888,1,0
BRDA:1,889,0,0
BRDA:1,889,1,0
BRDA:1,890,0,0
BRDA:1,890,1,0
BRDA:1,891,0,0
BRDA:1,891,1,0
BRDA:1,892,0,0
BRDA:1,892,1,0
BRDA:1,893,0,0
BRDA:1,893,1,0
BRDA:1,894,0,0
BRDA:1,894,1,0
BRDA:1,895,0,0
BRDA:1,895,1,0
BRDA:1,896,0,0
BRDA:1,896,1,0
BRDA:1,897,0,0
BRDA:1,897,1,0
BRDA:1,898,0,0
BRDA:1,898,1,0
BRDA:1,899,0,0
BRDA:1,899,1,0
BRDA:1,900,0,0
BRDA:1,900,1,0
BRDA:1,901,0,0
BRDA:1,901,1,0
BRDA:1,902,0,0
BRDA:1,902,1,0
BRDA:1,903,0,0
BRDA:1,903,1,0
BRDA:1,904,0,0
BRDA:1,904,1,0
BRDA:1,905,0,0
BRDA:1,905,1,0
BRDA:1,906,0,0
BRDA:1,906,1,0
BRDA:1,907,0,0
BRDA:1,907,1,0
BRDA:1,908,0,0
BRDA:1,908,1,0
BRDA:1,909,0,0
BRDA:1,909,1,0
BRDA:1,910,0,0
BRDA:1,910,1,0
BRDA:1,911,0,0
BRDA:1,911,1,0
BRDA:1,912,0,0
BRDA:1,912,1,0
BRDA:1,913,0,0
BRDA:1,913,1,0
BRDA:1,914,0,0
BRDA:1,914,1,0
BRDA:1,915,0,0
BRDA:1,915,1,0
BRDA:1,916,0,0
BRDA:1,916,1,0
BRDA:1,917,0,0
BRDA:1,917,1,0
BRDA:1,918,0,0
BRDA:1,918,1,0
BRDA:1,919,0,0
BRDA:1,919,1,0
BRDA:1,920,0,0
BRDA:1,920,1,0
BRDA:1,921,0,0
BRDA:1,921,1,0
BRDA:1,922,0,0
BRDA:1,922,1,0
BRDA:1,923,0,0
BRDA:1,923,1,0
BRDA:1,923,2,0
BRDA:1,923,3,0
BRDA:1,924,0,0
BRDA:1,924,1,0
BRDA:1,925,0,0
BRDA:1,925,1,0
BRDA:1,925,2,0
BRDA:1,926,0,0
BRDA:1,926,1,0
BRDA:1,927,0,0
BRDA:1,927,1,0
BRDA:1,928,0,0
BRDA:1,928,1,0
BRDA:1,929,0,0
BRDA:1,929,1,0
BRDA:1,930,0,0
BRDA:1,930,1,0
BRDA:1,931,0,0
BRDA:1,931,1,0
BRDA:1,932,0,0
BRDA:1,932,1,0
BRDA:1,933,0,0
BRDA:1,933,1,0
BRDA:1,933,2,0
BRDA:1,933,3,0
BRDA:1,934,0,0
BRDA:1,934,1,0
BRDA:1,935,0,0
BRDA:1,935,1,0
BRDA:1,936,0,0
BRDA:1,936,1,0
BRDA:1,937,0,0
BRDA:1,937,1,0
BRDA:1,938,0,0
BRDA:1,938,1,0
BRDA:1,939,0,0
BRDA:1,939,1,0
BRDA:1,940,0,0
BRDA:1,940,1,0
BRDA:1,941,0,0
BRDA:1,941,1,0
BRDA:1,942,0,0
BRDA:1,942,1,0
BRDA:1,943,0,0
BRDA:1,943,1,0
BRDA:1,944,0,0
BRDA:1,944,1,0
BRDA:1,945,0,0
BRDA:1,945,1,0
BRDA:1,946,0,0
BRDA:1,946,1,0
BRDA:1,947,0,0
BRDA:1,947,1,0
BRDA:1,948,0,0
BRDA:1,948,1,0
BRDA:1,948,2,0
BRDA:1,949,0,0
BRDA:1,949,1,0
BRDA:1,949,2,0
BRDA:1,949,3,0
BRDA:1,949,4,0
BRDA:1,949,5,0
BRDA:1,950,0,0
BRDA:1,950,1,0
BRDA:1,951,0,0
BRDA:1,951,1,0
BRDA:1,952,0,0
BRDA:1,952,1,0
BRDA:1,953,0,0
BRDA:1,953,1,0
BRDA:1,954,0,0
BRDA:1,954,1,0
BRDA:1,955,0,0
BRDA:1,955,1,0
BRDA:1,956,0,0
BRDA:1,956,1,0
BRDA:1,956,2,0
BRDA:1,957,0,0
BRDA:1,957,1,0
BRDA:1,958,0,0
BRDA:1,958,1,0
BRDA:1,959,0,0
BRDA:1,959,1,0
BRDA:1,960,0,0
BRDA:1,960,1,0
BRDA:1,961,0,0
BRDA:1,961,1,0
BRDA:1,962,0,0
BRDA:1,962,1,0
BRDA:1,963,0,0
BRDA:1,963,1,0
BRDA:1,964,0,0
BRDA:1,964,1,0
BRDA:1,965,0,0
BRDA:1,965,1,0
BRDA:1,966,0,0
BRDA:1,966,1,0
BRDA:1,967,0,0
BRDA:1,967,1,0
BRDA:1,968,0,0
BRDA:1,968,1,0
BRDA:1,969,0,0
BRDA:1,969,1,0
BRDA:1,970,0,0
BRDA:1,970,1,0
BRDA:1,971,0,0
BRDA:1,971,1,0
BRDA:1,972,0,0
BRDA:1,972,1,0
BRDA:1,973,0,0
BRDA:1,973,1,0
BRDA:1,974,0,0
BRDA:1,974,1,0
BRDA:1,975,0,0
BRDA:1,975,1,0
BRDA:1,976,0,0
BRDA:1,976,1,0
BRDA:1,977,0,0
BRDA:1,977,1,0
BRDA:1,978,0,0
BRDA:1,978,1,0
BRDA:1,979,0,0
BRDA:1,979,1,0
BRDA:1,980,0,0
BRDA:1,980,1,0
BRDA:1,980,2,0
BRDA:1,981,0,0
BRDA:1,981,1,0
BRDA:1,982,0,0
BRDA:1,982,1,0
BRDA:1,982,2,0
BRDA:1,983,0,0
BRDA:1,983,1,0
BRDA:1,984,0,0
BRDA:1,984,1,0
BRDA:1,985,0,0
BRDA:1,985,1,0
BRDA:1,986,0,0
BRDA:1,986,1,0
BRDA:1,987,0,0
BRDA:1,987,1,0
BRDA:1,988,0,0
BRDA:1,988,1,0
BRDA:1,989,0,0
BRDA:1,989,1,0
BRDA:1,990,0,0
BRDA:1,990,1,0
BRDA:1,991,0,0
BRDA:1,991,1,0
BRDA:1,992,0,0
BRDA:1,992,1,0
BRDA:1,993,0,0
BRDA:1,993,1,0
BRDA:1,994,0,0
BRDA:1,994,1,0
BRDA:1,995,0,0
BRDA:1,995,1,0
BRDA:1,996,0,0
BRDA:1,996,1,0
BRDA:1,997,0,0
BRDA:1,997,1,0
BRDA:1,998,0,0
BRDA:1,998,1,0
BRDA:1,999,0,0
BRDA:1,999,1,0
BRDA:1,1000,0,0
BRDA:1,1000,1,0
BRDA:1,1001,0,0
BRDA:1,1001,1,0
BRDA:1,1002,0,0
BRDA:1,1002,1,0
BRDA:1,1003,0,0
BRDA:1,1003,1,0
BRDA:1,1004,0,0
BRDA:1,1004,1,0
BRDA:1,1005,0,0
BRDA:1,1005,1,0
BRDA:1,1006,0,0
BRDA:1,1006,1,0
BRDA:1,1007,0,0
BRDA:1,1007,1,0
BRDA:1,1008,0,0
BRDA:1,1008,1,0
BRDA:2,1009,0,0
BRDA:2,1009,1,0
BRDA:2,1010,0,0
BRDA:2,1010,1,0
BRDA:2,1011,0,0
BRDA:2,1011,1,0
BRDA:2,1012,0,0
BRDA:2,1012,1,0
BRDA:2,1012,2,0
BRDA:2,1012,3,0
BRDA:2,1013,0,0
BRDA:2,1013,1,0
BRDA:2,1014,0,0
BRDA:2,1014,1,0
BRDA:2,1015,0,0
BRDA:2,1015,1,0
BRDA:2,1016,0,0
BRDA:2,1016,1,0
BRDA:2,1016,2,0
BRDA:2,1017,0,0
BRDA:2,1017,1,0
BRDA:2,1018,0,0
BRDA:2,1018,1,0
BRDA:2,1019,0,0
BRDA:2,1019,1,0
BRDA:2,1020,0,0
BRDA:2,1020,1,0
BRDA:2,1021,0,0
BRDA:2,1021,1,0
BRDA:2,1022,0,0
BRDA:2,1022,1,0
BRDA:2,1023,0,0
BRDA:2,1023,1,0
BRDA:2,1024,0,0
BRDA:2,1024,1,0
BRDA:2,1025,0,0
BRDA:2,1025,1,0
BRDA:2,1026,0,0
BRDA:2,1026,1,0
BRDA:2,1027,0,0
BRDA:2,1027,1,0
BRDA:2,1028,0,0
BRDA:2,1028,1,0
BRDA:2,1029,0,0
BRDA:2,1029,1,0
BRDA:2,1030,0,0
BRDA:2,1030,1,0
BRDA:2,1031,0,0
BRDA:2,1031,1,0
BRDA:2,1032,0,0
BRDA:2,1032,1,0
BRDA:2,1033,0,0
BRDA:2,1033,1,0
BRDA:2,1034,0,0
BRDA:2,1034,1,0
BRDA:2,1034,2,0
BRDA:2,1034,3,0
BRDA:2,1035,0,0
BRDA:2,1035,1,0
BRDA:2,1035,2,0
BRDA:2,1036,0,0
BRDA:2,1036,1,0
BRDA:2,1037,0,0
BRDA:2,1037,1,0
BRDA:2,1038,0,0
BRDA:2,1038,1,0
BRDA:2,1039,0,0
BRDA:2,1039,1,0
BRDA:2,1040,0,0
BRDA:2,1040,1,0
BRDA:2,1041,0,0
BRDA:2,1041,1,0
BRDA:2,1042,0,0
BRDA:2,1042,1,0
BRF:2258
BRH:0
end_of_record
TN:
SF:c:\Users\cdsno\Desktop\Code\scrambling-text\dist\scramble.min.js
FN:1,(anonymous_0)
FN:1,(anonymous_1)
FN:1,(anonymous_2)
FN:1,(anonymous_3)
FN:1,(anonymous_4)
FN:1,(anonymous_5)
FN:1,(anonymous_6)
FN:1,(anonymous_7)
FN:1,(anonymous_8)
FN:1,(anonymous_9)
FN:1,(anonymous_10)
FN:1,(anonymous_11)
FNF:12
FNH:0
FNDA:0,(anonymous_0)
FNDA:0,(anonymous_1)
FNDA:0,(anonymous_2)
FNDA:0,(anonymous_3)
FNDA:0,(anonymous_4)
FNDA:0,(anonymous_5)
FNDA:0,(anonymous_6)
FNDA:0,(anonymous_7)
FNDA:0,(anonymous_8)
FNDA:0,(anonymous_9)
FNDA:0,(anonymous_10)
FNDA:0,(anonymous_11)
DA:1,0
LF:1
LH:0
BRDA:1,0,0,0
BRDA:1,0,1,0
BRDA:1,1,0,0
BRDA:1,1,1,0
BRDA:1,2,0,0
BRDA:1,2,1,0
BRDA:1,3,0,0
BRDA:1,3,1,0
BRDA:1,4,0,0
BRDA:1,4,1,0
BRDA:1,5,0,0
BRDA:1,5,1,0
BRDA:1,6,0,0
BRDA:1,6,1,0
BRDA:1,7,0,0
BRDA:1,7,1,0
BRDA:1,8,0,0
BRDA:1,8,1,0
BRDA:1,9,0,0
BRDA:1,9,1,0
BRDA:1,10,0,0
BRDA:1,10,1,0
BRDA:1,11,0,0
BRDA:1,11,1,0
BRDA:1,12,0,0
BRDA:1,12,1,0
BRDA:1,13,0,0
BRDA:1,13,1,0
BRDA:1,14,0,0
BRDA:1,14,1,0
BRDA:1,15,0,0
BRDA:1,15,1,0
BRDA:1,16,0,0
BRDA:1,16,1,0
BRDA:1,17,0,0
BRDA:1,17,1,0
BRDA:1,18,0,0
BRDA:1,18,1,0
BRDA:1,19,0,0
BRDA:1,19,1,0
BRDA:1,20,0,0
BRDA:1,20,1,0
BRDA:1,20,2,0
BRDA:1,20,3,0
BRDA:1,21,0,0
BRDA:1,21,1,0
BRDA:1,21,2,0
BRDA:1,22,0,0
BRDA:1,22,1,0
BRDA:1,23,0,0
BRDA:1,23,1,0
BRDA:1,24,0,0
BRDA:1,24,1,0
BRDA:1,25,0,0
BRDA:1,25,1,0
BRDA:1,26,0,0
BRDA:1,26,1,0
BRDA:1,27,0,0
BRDA:1,27,1,0
BRDA:1,28,0,0
BRDA:1,28,1,0
BRF:61
BRH:0
end_of_record
TN:
SF:c:\Users\cdsno\Desktop\Code\scrambling-text\js\example.js
FN:19,(anonymous_0)
FN:27,(anonymous_1)
FN:30,(anonymous_2)
FNF:3
FNH:0
FNDA:0,(anonymous_0)
FNDA:0,(anonymous_1)
FNDA:0,(anonymous_2)
DA:1,0
DA:7,0
DA:9,0
DA:16,0
DA:17,0
DA:18,0
DA:19,0
DA:20,0
DA:21,0
DA:27,0
DA:28,0
DA:30,0
DA:31,0
LF:13
LH:0
BRF:0
BRH:0
end_of_record
TN:
SF:c:\Users\cdsno\Desktop\Code\scrambling-text\js\scramble-ES5.js
FN:3,_instanceof
FN:5,_toConsumableArray
FN:7,_nonIterableSpread
FN:9,_iterableToArray
FN:11,_arrayWithoutHoles
FN:13,_typeof
FN:13,_typeof
FN:13,_typeof
FN:15,Scrambler
FN:18,scrambleFire
FN:23,(anonymous_10)
FN:37,defineEndText
FN:42,(anonymous_12)
FN:61,(anonymous_13)
FN:63,(anonymous_14)
FN:69,(anonymous_15)
FN:82,(anonymous_16)
FN:113,randomChar
FN:120,isObject
FN:135,randomTime
FNF:20
FNH:0
FNDA:0,_instanceof
FNDA:0,_toConsumableArray
FNDA:0,_nonIterableSpread
FNDA:0,_iterableToArray
FNDA:0,_arrayWithoutHoles
FNDA:0,_typeof
FNDA:0,_typeof
FNDA:0,_typeof
FNDA:0,Scrambler
FNDA:0,scrambleFire
FNDA:0,(anonymous_10)
FNDA:0,defineEndText
FNDA:0,(anonymous_12)
FNDA:0,(anonymous_13)
FNDA:0,(anonymous_14)
FNDA:0,(anonymous_15)
FNDA:0,(anonymous_16)
FNDA:0,randomChar
FNDA:0,isObject
FNDA:0,randomTime
DA:3,0
DA:5,0
DA:7,0
DA:9,0
DA:11,0
DA:13,0
DA:15,0
DA:16,0
DA:18,0
DA:21,0
DA:23,0
DA:24,0
DA:25,0
DA:26,0
DA:28,0
DA:30,0
DA:31,0
DA:32,0
DA:34,0
DA:35,0
DA:37,0
DA:38,0
DA:39,0
DA:40,0
DA:41,0
DA:42,0
DA:43,0
DA:44,0
DA:46,0
DA:49,0
DA:53,0
DA:54,0
DA:55,0
DA:56,0
DA:57,0
DA:58,0
DA:61,0
DA:63,0
DA:65,0
DA:67,0
DA:69,0
DA:70,0
DA:73,0
DA:74,0
DA:79,0
DA:82,0
DA:83,0
DA:86,0
DA:87,0
DA:89,0
DA:90,0
DA:92,0
DA:93,0
DA:95,0
DA:99,0
DA:101,0
DA:113,0
DA:114,0
DA:115,0
DA:116,0
DA:120,0
DA:121,0
DA:125,0
DA:127,0
DA:128,0
DA:129,0
DA:130,0
DA:131,0
DA:135,0
DA:136,0
DA:137,0
DA:140,0
DA:143,0
DA:146,0
DA:149,0
LF:75
LH:0
BRDA:3,0,0,0
BRDA:3,0,1,0
BRDA:3,1,0,0
BRDA:3,1,1,0
BRDA:3,1,2,0
BRDA:5,2,0,0
BRDA:5,2,1,0
BRDA:5,2,2,0
BRDA:9,3,0,0
BRDA:9,3,1,0
BRDA:9,4,0,0
BRDA:9,4,1,0
BRDA:11,5,0,0
BRDA:11,5,1,0
BRDA:13,6,0,0
BRDA:13,6,1,0
BRDA:13,7,0,0
BRDA:13,7,1,0
BRDA:13,8,0,0
BRDA:13,8,1,0
BRDA:13,9,0,0
BRDA:13,9,1,0
BRDA:13,9,2,0
BRDA:13,9,3,0
BRDA:21,10,0,0
BRDA:21,10,1,0
BRDA:24,11,0,0
BRDA:24,11,1,0
BRDA:34,12,0,0
BRDA:34,12,1,0
BRDA:38,13,0,0
BRDA:38,13,1,0
BRDA:43,14,0,0
BRDA:43,14,1,0
BRDA:53,15,0,0
BRDA:53,15,1,0
BRDA:53,16,0,0
BRDA:53,16,1,0
BRDA:53,16,2,0
BRDA:53,16,3,0
BRDA:56,17,0,0
BRDA:56,17,1,0
BRDA:56,18,0,0
BRDA:56,18,1,0
BRDA:65,19,0,0
BRDA:65,19,1,0
BRDA:73,20,0,0
BRDA:73,20,1,0
BRDA:82,21,0,0
BRDA:82,21,1,0
BRDA:86,22,0,0
BRDA:86,22,1,0
BRDA:89,23,0,0
BRDA:89,23,1,0
BRDA:92,24,0,0
BRDA:92,24,1,0
BRDA:92,25,0,0
BRDA:92,25,1,0
BRDA:114,26,0,0
BRDA:114,26,1,0
BRDA:116,27,0,0
BRDA:116,27,1,0
BRDA:121,28,0,0
BRDA:121,28,1,0
BRDA:125,29,0,0
BRDA:125,29,1,0
BRDA:127,30,0,0
BRDA:127,30,1,0
BRDA:128,31,0,0
BRDA:128,31,1,0
BRDA:128,32,0,0
BRDA:128,32,1,0
BRDA:129,33,0,0
BRDA:129,33,1,0
BRDA:129,34,0,0
BRDA:129,34,1,0
BRDA:130,35,0,0
BRDA:130,35,1,0
BRDA:130,36,0,0
BRDA:130,36,1,0
BRDA:131,37,0,0
BRDA:131,37,1,0
BRDA:131,38,0,0
BRDA:131,38,1,0
BRDA:136,39,0,0
BRDA:136,39,1,0
BRF:86
BRH:0
end_of_record
TN:
SF:c:/Users/cdsno/Desktop/Code/scrambling-text/js/scramble.js
FN:1,Scrambler
FN:33,scrambleFire
FN:38,(anonymous_5)
FN:52,defineEndText
FN:57,(anonymous_7)
FN:76,(anonymous_8)
FN:78,(anonymous_9)
FN:84,(anonymous_10)
FN:96,(anonymous_11)
FN:5,randomChar
FN:11,isObject
FN:24,randomTime
FNF:12
FNH:0
FNDA:0,Scrambler
FNDA:0,scrambleFire
FNDA:0,(anonymous_5)
FNDA:0,defineEndText
FNDA:0,(anonymous_7)
FNDA:0,(anonymous_8)
FNDA:0,(anonymous_9)
FNDA:0,(anonymous_10)
FNDA:0,(anonymous_11)
FNDA:0,randomChar
FNDA:0,isObject
FNDA:0,randomTime
DA:1,1
DA:2,0
DA:5,0
DA:6,0
DA:7,0
DA:8,0
DA:11,0
DA:12,0
DA:15,0
DA:17,0
DA:18,0
DA:19,0
DA:20,0
DA:21,0
DA:24,0
DA:25,0
DA:26,0
DA:28,0
DA:31,0
DA:33,0
DA:35,0
DA:38,0
DA:40,0
DA:41,0
DA:43,0
DA:44,0
DA:45,0
DA:46,0
DA:47,0
DA:48,0
DA:49,0
DA:52,0
DA:53,0
DA:54,0
DA:55,0
DA:56,0
DA:57,0
DA:58,0
DA:59,0
DA:61,0
DA:64,0
DA:67,0
DA:68,0
DA:69,0
DA:71,0
DA:72,0
DA:73,0
DA:76,0
DA:78,0
DA:80,0
DA:82,0
DA:84,0
DA:85,0
DA:88,0
DA:89,0
DA:92,0
DA:96,0
DA:97,0
DA:99,0
DA:100,0
DA:101,0
DA:102,0
DA:103,0
DA:104,0
DA:107,0
DA:110,0
DA:111,0
DA:120,0
LF:68
LH:1
BRDA:35,0,0,0
BRDA:35,0,1,0
BRDA:40,1,0,0
BRDA:40,1,1,0
BRDA:48,2,0,0
BRDA:48,2,1,0
BRDA:53,3,0,0
BRDA:53,3,1,0
BRDA:58,4,0,0
BRDA:58,4,1,0
BRDA:67,5,0,0
BRDA:67,5,1,0
BRDA:67,6,0,0
BRDA:67,6,1,0
BRDA:67,6,2,NaN
BRDA:67,6,3,NaN
BRDA:71,7,0,0
BRDA:71,7,1,0
BRDA:71,8,0,0
BRDA:71,8,1,0
BRDA:80,9,0,0
BRDA:80,9,1,0
BRDA:88,10,0,0
BRDA:88,10,1,0
BRDA:96,11,0,0
BRDA:96,11,1,0
BRDA:99,12,0,0
BRDA:99,12,1,0
BRDA:101,13,0,0
BRDA:101,13,1,0
BRDA:103,14,0,0
BRDA:103,14,1,0
BRDA:103,15,0,0
BRDA:103,15,1,0
BRDA:6,16,0,0
BRDA:6,16,1,0
BRDA:8,17,0,0
BRDA:8,17,1,0
BRDA:12,18,0,0
BRDA:12,18,1,0
BRDA:15,19,0,0
BRDA:15,19,1,0
BRDA:15,20,0,0
BRDA:15,20,1,0
BRDA:17,21,0,0
BRDA:17,21,1,0
BRDA:18,22,0,0
BRDA:18,22,1,0
BRDA:18,23,0,0
BRDA:18,23,1,0
BRDA:19,24,0,0
BRDA:19,24,1,0
BRDA:19,25,0,0
BRDA:19,25,1,0
BRDA:20,26,0,0
BRDA:20,26,1,0
BRDA:20,27,0,0
BRDA:20,27,1,0
BRDA:21,28,0,0
BRDA:21,28,1,0
BRDA:21,29,0,0
BRDA:21,29,1,0
BRDA:25,30,0,0
BRDA:25,30,1,0
BRF:64
BRH:0
end_of_record
